{"/home/medazzo/Documents/EasySoftIn/github/fjplayer2/src/Version.js": {"path":"/home/medazzo/Documents/EasySoftIn/github/fjplayer2/src/Version.js","statementMap":{"0":{"start":{"line":1,"column":14},"end":{"line":1,"column":40}},"1":{"start":{"line":10,"column":4},"end":{"line":10,"column":33}},"2":{"start":{"line":18,"column":4},"end":{"line":18,"column":24}},"3":{"start":{"line":22,"column":0},"end":{"line":22,"column":25}}},"fnMap":{"0":{"name":"(anonymous_0)","decl":{"start":{"line":9,"column":2},"end":{"line":9,"column":3}},"loc":{"start":{"line":9,"column":16},"end":{"line":11,"column":3}},"line":9},"1":{"name":"(anonymous_1)","decl":{"start":{"line":17,"column":2},"end":{"line":17,"column":3}},"loc":{"start":{"line":17,"column":15},"end":{"line":19,"column":3}},"line":17}},"branchMap":{},"s":{"0":1,"1":1,"2":1,"3":1},"f":{"0":1,"1":1},"b":{},"inputSourceMap":null,"_coverageSchema":"1a1c01bbd47fc00a2c39e90264f33305004495a9","hash":"72dbd22d2ea1bd54559d6b525ed0556796cf41a4"}
,"/home/medazzo/Documents/EasySoftIn/github/fjplayer2/src/css/player.less": {"path":"/home/medazzo/Documents/EasySoftIn/github/fjplayer2/src/css/player.less","statementMap":{"0":{"start":{"line":1,"column":13},"end":{"line":1,"column":26694}},"1":{"start":{"line":3,"column":4},"end":{"line":24,"column":5}},"2":{"start":{"line":4,"column":8},"end":{"line":6,"column":11}},"3":{"start":{"line":7,"column":8},"end":{"line":18,"column":11}},"4":{"start":{"line":9,"column":16},"end":{"line":11,"column":17}},"5":{"start":{"line":10,"column":20},"end":{"line":10,"column":34}},"6":{"start":{"line":12,"column":16},"end":{"line":12,"column":36}},"7":{"start":{"line":16,"column":16},"end":{"line":16,"column":30}},"8":{"start":{"line":20,"column":8},"end":{"line":22,"column":11}},"9":{"start":{"line":23,"column":8},"end":{"line":23,"column":31}}},"fnMap":{"0":{"name":"(anonymous_0)","decl":{"start":{"line":8,"column":12},"end":{"line":8,"column":13}},"loc":{"start":{"line":8,"column":30},"end":{"line":13,"column":13}},"line":8},"1":{"name":"(anonymous_1)","decl":{"start":{"line":15,"column":12},"end":{"line":15,"column":13}},"loc":{"start":{"line":15,"column":29},"end":{"line":17,"column":13}},"line":15}},"branchMap":{"0":{"loc":{"start":{"line":3,"column":4},"end":{"line":24,"column":5}},"type":"if","locations":[{"start":{"line":3,"column":4},"end":{"line":24,"column":5}},{"start":{"line":3,"column":4},"end":{"line":24,"column":5}}],"line":3},"1":{"loc":{"start":{"line":3,"column":8},"end":{"line":3,"column":44}},"type":"binary-expr","locations":[{"start":{"line":3,"column":8},"end":{"line":3,"column":34}},{"start":{"line":3,"column":38},"end":{"line":3,"column":44}}],"line":3},"2":{"loc":{"start":{"line":9,"column":16},"end":{"line":11,"column":17}},"type":"if","locations":[{"start":{"line":9,"column":16},"end":{"line":11,"column":17}},{"start":{"line":9,"column":16},"end":{"line":11,"column":17}}],"line":9}},"s":{"0":1,"1":1,"2":1,"3":1,"4":0,"5":0,"6":0,"7":0,"8":0,"9":0},"f":{"0":0,"1":0},"b":{"0":[1,0],"1":[1,1],"2":[0,0]},"inputSourceMap":null,"_coverageSchema":"1a1c01bbd47fc00a2c39e90264f33305004495a9","hash":"13e55fa20c6d48153fee16bcfb5f67c94ec01b7c"}
,"/home/medazzo/Documents/EasySoftIn/github/fjplayer2/src/js/defs/constants.js": {"path":"/home/medazzo/Documents/EasySoftIn/github/fjplayer2/src/js/defs/constants.js","statementMap":{"0":{"start":{"line":4,"column":23},"end":{"line":4,"column":32}},"1":{"start":{"line":5,"column":22},"end":{"line":5,"column":30}},"2":{"start":{"line":6,"column":23},"end":{"line":6,"column":32}},"3":{"start":{"line":7,"column":21},"end":{"line":7,"column":28}},"4":{"start":{"line":8,"column":24},"end":{"line":8,"column":34}},"5":{"start":{"line":9,"column":30},"end":{"line":9,"column":44}},"6":{"start":{"line":10,"column":28},"end":{"line":10,"column":41}},"7":{"start":{"line":11,"column":24},"end":{"line":11,"column":34}},"8":{"start":{"line":12,"column":27},"end":{"line":12,"column":40}},"9":{"start":{"line":13,"column":21},"end":{"line":13,"column":28}},"10":{"start":{"line":14,"column":24},"end":{"line":14,"column":34}},"11":{"start":{"line":15,"column":26},"end":{"line":15,"column":38}},"12":{"start":{"line":16,"column":21},"end":{"line":16,"column":28}},"13":{"start":{"line":17,"column":23},"end":{"line":17,"column":32}},"14":{"start":{"line":18,"column":22},"end":{"line":18,"column":30}},"15":{"start":{"line":19,"column":22},"end":{"line":19,"column":30}},"16":{"start":{"line":20,"column":21},"end":{"line":20,"column":28}},"17":{"start":{"line":21,"column":26},"end":{"line":21,"column":38}},"18":{"start":{"line":22,"column":25},"end":{"line":22,"column":35}},"19":{"start":{"line":24,"column":36},"end":{"line":24,"column":53}},"20":{"start":{"line":26,"column":31},"end":{"line":26,"column":42}},"21":{"start":{"line":27,"column":26},"end":{"line":27,"column":38}},"22":{"start":{"line":28,"column":23},"end":{"line":28,"column":32}},"23":{"start":{"line":29,"column":22},"end":{"line":29,"column":30}},"24":{"start":{"line":31,"column":22},"end":{"line":31,"column":28}},"25":{"start":{"line":32,"column":23},"end":{"line":32,"column":30}},"26":{"start":{"line":33,"column":25},"end":{"line":33,"column":58}},"27":{"start":{"line":35,"column":27},"end":{"line":35,"column":32}},"28":{"start":{"line":36,"column":28},"end":{"line":36,"column":34}},"29":{"start":{"line":37,"column":25},"end":{"line":37,"column":66}},"30":{"start":{"line":39,"column":26},"end":{"line":39,"column":37}},"31":{"start":{"line":40,"column":27},"end":{"line":40,"column":33}},"32":{"start":{"line":41,"column":23},"end":{"line":41,"column":62}},"33":{"start":{"line":43,"column":36},"end":{"line":43,"column":46}},"34":{"start":{"line":44,"column":36},"end":{"line":44,"column":46}},"35":{"start":{"line":45,"column":37},"end":{"line":45,"column":48}},"36":{"start":{"line":46,"column":29},"end":{"line":50,"column":1}},"37":{"start":{"line":52,"column":16},"end":{"line":56,"column":1}},"38":{"start":{"line":58,"column":21},"end":{"line":68,"column":1}},"39":{"start":{"line":70,"column":18},"end":{"line":75,"column":1}},"40":{"start":{"line":77,"column":22},"end":{"line":83,"column":1}},"41":{"start":{"line":85,"column":0},"end":{"line":127,"column":2}}},"fnMap":{},"branchMap":{},"s":{"0":2,"1":2,"2":2,"3":2,"4":2,"5":2,"6":2,"7":2,"8":2,"9":2,"10":2,"11":2,"12":2,"13":2,"14":2,"15":2,"16":2,"17":2,"18":2,"19":2,"20":2,"21":2,"22":2,"23":2,"24":2,"25":2,"26":2,"27":2,"28":2,"29":2,"30":2,"31":2,"32":2,"33":2,"34":2,"35":2,"36":2,"37":2,"38":2,"39":2,"40":2,"41":2},"f":{},"b":{},"inputSourceMap":null,"_coverageSchema":"1a1c01bbd47fc00a2c39e90264f33305004495a9","hash":"ddb8d3f8b22cc3190849f8b51249966a0bf45ccc"}
,"/home/medazzo/Documents/EasySoftIn/github/fjplayer2/src/js/defs/isoLangs.js": {"path":"/home/medazzo/Documents/EasySoftIn/github/fjplayer2/src/js/defs/isoLangs.js","statementMap":{"0":{"start":{"line":5,"column":17},"end":{"line":734,"column":1}},"1":{"start":{"line":736,"column":0},"end":{"line":736,"column":26}}},"fnMap":{},"branchMap":{},"s":{"0":2,"1":2},"f":{},"b":{},"inputSourceMap":null,"_coverageSchema":"1a1c01bbd47fc00a2c39e90264f33305004495a9","hash":"1901345f17674bd0eb61545e265a3ce9d7749ce9"}
,"/home/medazzo/Documents/EasySoftIn/github/fjplayer2/src/js/player/PlayerMedia.js": {"path":"/home/medazzo/Documents/EasySoftIn/github/fjplayer2/src/js/player/PlayerMedia.js","statementMap":{"0":{"start":{"line":1,"column":14},"end":{"line":1,"column":37}},"1":{"start":{"line":2,"column":15},"end":{"line":2,"column":41}},"2":{"start":{"line":3,"column":17},"end":{"line":3,"column":45}},"3":{"start":{"line":4,"column":14},"end":{"line":4,"column":42}},"4":{"start":{"line":5,"column":14},"end":{"line":5,"column":41}},"5":{"start":{"line":14,"column":4},"end":{"line":14,"column":22}},"6":{"start":{"line":15,"column":4},"end":{"line":15,"column":33}},"7":{"start":{"line":16,"column":4},"end":{"line":16,"column":39}},"8":{"start":{"line":17,"column":4},"end":{"line":17,"column":29}},"9":{"start":{"line":18,"column":4},"end":{"line":18,"column":27}},"10":{"start":{"line":19,"column":4},"end":{"line":19,"column":31}},"11":{"start":{"line":20,"column":4},"end":{"line":20,"column":31}},"12":{"start":{"line":21,"column":4},"end":{"line":21,"column":28}},"13":{"start":{"line":22,"column":4},"end":{"line":22,"column":27}},"14":{"start":{"line":23,"column":4},"end":{"line":23,"column":34}},"15":{"start":{"line":24,"column":4},"end":{"line":24,"column":49}},"16":{"start":{"line":25,"column":4},"end":{"line":25,"column":27}},"17":{"start":{"line":26,"column":4},"end":{"line":26,"column":35}},"18":{"start":{"line":27,"column":4},"end":{"line":27,"column":33}},"19":{"start":{"line":28,"column":4},"end":{"line":39,"column":6}},"20":{"start":{"line":47,"column":4},"end":{"line":47,"column":32}},"21":{"start":{"line":51,"column":4},"end":{"line":55,"column":5}},"22":{"start":{"line":53,"column":6},"end":{"line":53,"column":51}},"23":{"start":{"line":54,"column":6},"end":{"line":54,"column":19}},"24":{"start":{"line":57,"column":4},"end":{"line":57,"column":31}},"25":{"start":{"line":58,"column":4},"end":{"line":60,"column":5}},"26":{"start":{"line":59,"column":6},"end":{"line":59,"column":106}},"27":{"start":{"line":63,"column":4},"end":{"line":63,"column":28}},"28":{"start":{"line":64,"column":4},"end":{"line":64,"column":79}},"29":{"start":{"line":65,"column":4},"end":{"line":65,"column":16}},"30":{"start":{"line":72,"column":4},"end":{"line":72,"column":41}},"31":{"start":{"line":79,"column":4},"end":{"line":79,"column":42}},"32":{"start":{"line":86,"column":4},"end":{"line":90,"column":5}},"33":{"start":{"line":87,"column":6},"end":{"line":87,"column":24}},"34":{"start":{"line":89,"column":6},"end":{"line":89,"column":62}},"35":{"start":{"line":97,"column":4},"end":{"line":99,"column":5}},"36":{"start":{"line":98,"column":6},"end":{"line":98,"column":36}},"37":{"start":{"line":100,"column":4},"end":{"line":100,"column":44}},"38":{"start":{"line":101,"column":4},"end":{"line":101,"column":16}},"39":{"start":{"line":108,"column":4},"end":{"line":110,"column":5}},"40":{"start":{"line":109,"column":6},"end":{"line":109,"column":33}},"41":{"start":{"line":111,"column":4},"end":{"line":111,"column":44}},"42":{"start":{"line":112,"column":4},"end":{"line":112,"column":16}},"43":{"start":{"line":119,"column":4},"end":{"line":121,"column":5}},"44":{"start":{"line":120,"column":6},"end":{"line":120,"column":32}},"45":{"start":{"line":122,"column":4},"end":{"line":122,"column":44}},"46":{"start":{"line":123,"column":4},"end":{"line":123,"column":16}},"47":{"start":{"line":130,"column":4},"end":{"line":132,"column":5}},"48":{"start":{"line":131,"column":6},"end":{"line":131,"column":32}},"49":{"start":{"line":133,"column":4},"end":{"line":133,"column":44}},"50":{"start":{"line":134,"column":4},"end":{"line":134,"column":16}},"51":{"start":{"line":141,"column":4},"end":{"line":145,"column":5}},"52":{"start":{"line":142,"column":6},"end":{"line":142,"column":33}},"53":{"start":{"line":144,"column":6},"end":{"line":144,"column":46}},"54":{"start":{"line":152,"column":4},"end":{"line":154,"column":5}},"55":{"start":{"line":153,"column":6},"end":{"line":153,"column":33}},"56":{"start":{"line":155,"column":4},"end":{"line":155,"column":44}},"57":{"start":{"line":156,"column":4},"end":{"line":156,"column":16}},"58":{"start":{"line":163,"column":4},"end":{"line":165,"column":5}},"59":{"start":{"line":164,"column":6},"end":{"line":164,"column":31}},"60":{"start":{"line":166,"column":4},"end":{"line":166,"column":44}},"61":{"start":{"line":167,"column":4},"end":{"line":167,"column":16}},"62":{"start":{"line":171,"column":4},"end":{"line":177,"column":5}},"63":{"start":{"line":172,"column":6},"end":{"line":172,"column":32}},"64":{"start":{"line":173,"column":6},"end":{"line":173,"column":58}},"65":{"start":{"line":175,"column":6},"end":{"line":175,"column":33}},"66":{"start":{"line":176,"column":6},"end":{"line":176,"column":55}},"67":{"start":{"line":184,"column":18},"end":{"line":184,"column":47}},"68":{"start":{"line":185,"column":4},"end":{"line":185,"column":63}},"69":{"start":{"line":186,"column":4},"end":{"line":202,"column":5}},"70":{"start":{"line":187,"column":6},"end":{"line":201,"column":7}},"71":{"start":{"line":188,"column":8},"end":{"line":198,"column":9}},"72":{"start":{"line":188,"column":21},"end":{"line":188,"column":22}},"73":{"start":{"line":189,"column":10},"end":{"line":197,"column":11}},"74":{"start":{"line":192,"column":12},"end":{"line":196,"column":13}},"75":{"start":{"line":193,"column":14},"end":{"line":193,"column":56}},"76":{"start":{"line":195,"column":14},"end":{"line":195,"column":55}},"77":{"start":{"line":200,"column":8},"end":{"line":200,"column":80}},"78":{"start":{"line":206,"column":4},"end":{"line":211,"column":5}},"79":{"start":{"line":207,"column":6},"end":{"line":209,"column":7}},"80":{"start":{"line":208,"column":8},"end":{"line":208,"column":37}},"81":{"start":{"line":210,"column":6},"end":{"line":210,"column":45}},"82":{"start":{"line":212,"column":4},"end":{"line":212,"column":44}},"83":{"start":{"line":213,"column":4},"end":{"line":213,"column":14}},"84":{"start":{"line":217,"column":4},"end":{"line":222,"column":5}},"85":{"start":{"line":218,"column":6},"end":{"line":220,"column":7}},"86":{"start":{"line":219,"column":8},"end":{"line":219,"column":72}},"87":{"start":{"line":221,"column":6},"end":{"line":221,"column":79}},"88":{"start":{"line":223,"column":4},"end":{"line":223,"column":44}},"89":{"start":{"line":224,"column":4},"end":{"line":224,"column":17}},"90":{"start":{"line":228,"column":4},"end":{"line":233,"column":5}},"91":{"start":{"line":229,"column":6},"end":{"line":231,"column":7}},"92":{"start":{"line":230,"column":8},"end":{"line":230,"column":61}},"93":{"start":{"line":232,"column":6},"end":{"line":232,"column":72}},"94":{"start":{"line":234,"column":4},"end":{"line":234,"column":44}},"95":{"start":{"line":235,"column":4},"end":{"line":235,"column":17}},"96":{"start":{"line":242,"column":18},"end":{"line":242,"column":45}},"97":{"start":{"line":243,"column":4},"end":{"line":243,"column":63}},"98":{"start":{"line":244,"column":4},"end":{"line":256,"column":5}},"99":{"start":{"line":245,"column":6},"end":{"line":255,"column":7}},"100":{"start":{"line":246,"column":8},"end":{"line":252,"column":9}},"101":{"start":{"line":246,"column":21},"end":{"line":246,"column":22}},"102":{"start":{"line":247,"column":10},"end":{"line":251,"column":11}},"103":{"start":{"line":248,"column":12},"end":{"line":248,"column":53}},"104":{"start":{"line":250,"column":12},"end":{"line":250,"column":54}},"105":{"start":{"line":254,"column":8},"end":{"line":254,"column":88}},"106":{"start":{"line":260,"column":4},"end":{"line":265,"column":5}},"107":{"start":{"line":261,"column":6},"end":{"line":263,"column":7}},"108":{"start":{"line":262,"column":8},"end":{"line":262,"column":38}},"109":{"start":{"line":264,"column":6},"end":{"line":264,"column":49}},"110":{"start":{"line":266,"column":4},"end":{"line":266,"column":44}},"111":{"start":{"line":267,"column":4},"end":{"line":267,"column":14}},"112":{"start":{"line":271,"column":18},"end":{"line":271,"column":45}},"113":{"start":{"line":272,"column":4},"end":{"line":277,"column":5}},"114":{"start":{"line":273,"column":6},"end":{"line":275,"column":7}},"115":{"start":{"line":274,"column":8},"end":{"line":274,"column":64}},"116":{"start":{"line":276,"column":6},"end":{"line":276,"column":75}},"117":{"start":{"line":278,"column":4},"end":{"line":278,"column":44}},"118":{"start":{"line":279,"column":4},"end":{"line":279,"column":17}},"119":{"start":{"line":283,"column":18},"end":{"line":283,"column":45}},"120":{"start":{"line":284,"column":4},"end":{"line":289,"column":5}},"121":{"start":{"line":285,"column":6},"end":{"line":287,"column":7}},"122":{"start":{"line":286,"column":8},"end":{"line":286,"column":53}},"123":{"start":{"line":288,"column":6},"end":{"line":288,"column":64}},"124":{"start":{"line":290,"column":4},"end":{"line":290,"column":44}},"125":{"start":{"line":291,"column":4},"end":{"line":291,"column":17}},"126":{"start":{"line":298,"column":4},"end":{"line":302,"column":5}},"127":{"start":{"line":299,"column":6},"end":{"line":299,"column":30}},"128":{"start":{"line":301,"column":6},"end":{"line":301,"column":46}},"129":{"start":{"line":309,"column":4},"end":{"line":313,"column":5}},"130":{"start":{"line":310,"column":6},"end":{"line":310,"column":25}},"131":{"start":{"line":312,"column":6},"end":{"line":312,"column":63}},"132":{"start":{"line":320,"column":4},"end":{"line":324,"column":5}},"133":{"start":{"line":321,"column":6},"end":{"line":321,"column":52}},"134":{"start":{"line":323,"column":6},"end":{"line":323,"column":62}},"135":{"start":{"line":331,"column":4},"end":{"line":331,"column":29}},"136":{"start":{"line":335,"column":4},"end":{"line":335,"column":61}},"137":{"start":{"line":339,"column":4},"end":{"line":339,"column":65}},"138":{"start":{"line":343,"column":4},"end":{"line":343,"column":28}},"139":{"start":{"line":344,"column":4},"end":{"line":344,"column":83}},"140":{"start":{"line":348,"column":4},"end":{"line":348,"column":62}},"141":{"start":{"line":352,"column":4},"end":{"line":352,"column":30}},"142":{"start":{"line":353,"column":4},"end":{"line":353,"column":61}},"143":{"start":{"line":357,"column":15},"end":{"line":357,"column":16}},"144":{"start":{"line":358,"column":4},"end":{"line":363,"column":5}},"145":{"start":{"line":359,"column":6},"end":{"line":359,"column":36}},"146":{"start":{"line":361,"column":6},"end":{"line":361,"column":44}},"147":{"start":{"line":362,"column":6},"end":{"line":362,"column":13}},"148":{"start":{"line":364,"column":4},"end":{"line":364,"column":73}},"149":{"start":{"line":368,"column":4},"end":{"line":368,"column":62}},"150":{"start":{"line":372,"column":4},"end":{"line":372,"column":63}},"151":{"start":{"line":376,"column":14},"end":{"line":376,"column":29}},"152":{"start":{"line":377,"column":4},"end":{"line":379,"column":5}},"153":{"start":{"line":378,"column":6},"end":{"line":378,"column":20}},"154":{"start":{"line":380,"column":17},"end":{"line":384,"column":5}},"155":{"start":{"line":385,"column":4},"end":{"line":385,"column":54}},"156":{"start":{"line":386,"column":4},"end":{"line":386,"column":67}},"157":{"start":{"line":390,"column":4},"end":{"line":390,"column":31}},"158":{"start":{"line":391,"column":4},"end":{"line":407,"column":5}},"159":{"start":{"line":392,"column":6},"end":{"line":406,"column":7}},"160":{"start":{"line":392,"column":19},"end":{"line":392,"column":20}},"161":{"start":{"line":393,"column":8},"end":{"line":405,"column":9}},"162":{"start":{"line":394,"column":10},"end":{"line":394,"column":36}},"163":{"start":{"line":395,"column":10},"end":{"line":395,"column":51}},"164":{"start":{"line":396,"column":10},"end":{"line":397,"column":103}},"165":{"start":{"line":398,"column":15},"end":{"line":405,"column":9}},"166":{"start":{"line":401,"column":10},"end":{"line":402,"column":82}},"167":{"start":{"line":404,"column":10},"end":{"line":404,"column":16}},"168":{"start":{"line":408,"column":4},"end":{"line":408,"column":52}},"169":{"start":{"line":410,"column":4},"end":{"line":414,"column":5}},"170":{"start":{"line":411,"column":6},"end":{"line":411,"column":85}},"171":{"start":{"line":413,"column":6},"end":{"line":413,"column":68}},"172":{"start":{"line":418,"column":16},"end":{"line":418,"column":20}},"173":{"start":{"line":419,"column":15},"end":{"line":419,"column":19}},"174":{"start":{"line":420,"column":14},"end":{"line":420,"column":18}},"175":{"start":{"line":421,"column":16},"end":{"line":421,"column":20}},"176":{"start":{"line":422,"column":12},"end":{"line":422,"column":13}},"177":{"start":{"line":423,"column":12},"end":{"line":423,"column":13}},"178":{"start":{"line":425,"column":4},"end":{"line":448,"column":5}},"179":{"start":{"line":426,"column":6},"end":{"line":445,"column":7}},"180":{"start":{"line":427,"column":8},"end":{"line":427,"column":23}},"181":{"start":{"line":428,"column":8},"end":{"line":428,"column":48}},"182":{"start":{"line":429,"column":8},"end":{"line":429,"column":33}},"183":{"start":{"line":430,"column":8},"end":{"line":430,"column":45}},"184":{"start":{"line":431,"column":8},"end":{"line":431,"column":50}},"185":{"start":{"line":432,"column":8},"end":{"line":432,"column":56}},"186":{"start":{"line":433,"column":8},"end":{"line":433,"column":76}},"187":{"start":{"line":434,"column":8},"end":{"line":434,"column":34}},"188":{"start":{"line":435,"column":8},"end":{"line":437,"column":9}},"189":{"start":{"line":436,"column":10},"end":{"line":436,"column":36}},"190":{"start":{"line":438,"column":8},"end":{"line":442,"column":9}},"191":{"start":{"line":439,"column":10},"end":{"line":439,"column":27}},"192":{"start":{"line":441,"column":10},"end":{"line":441,"column":40}},"193":{"start":{"line":443,"column":8},"end":{"line":443,"column":28}},"194":{"start":{"line":444,"column":8},"end":{"line":444,"column":33}},"195":{"start":{"line":447,"column":6},"end":{"line":447,"column":60}},"196":{"start":{"line":453,"column":29},"end":{"line":453,"column":33}},"197":{"start":{"line":455,"column":4},"end":{"line":465,"column":5}},"198":{"start":{"line":456,"column":6},"end":{"line":458,"column":7}},"199":{"start":{"line":457,"column":8},"end":{"line":457,"column":20}},"200":{"start":{"line":460,"column":6},"end":{"line":460,"column":78}},"201":{"start":{"line":462,"column":6},"end":{"line":464,"column":7}},"202":{"start":{"line":463,"column":8},"end":{"line":463,"column":20}},"203":{"start":{"line":467,"column":4},"end":{"line":467,"column":17}},"204":{"start":{"line":474,"column":15},"end":{"line":474,"column":25}},"205":{"start":{"line":475,"column":18},"end":{"line":475,"column":22}},"206":{"start":{"line":476,"column":4},"end":{"line":479,"column":5}},"207":{"start":{"line":477,"column":6},"end":{"line":477,"column":52}},"208":{"start":{"line":478,"column":6},"end":{"line":478,"column":13}},"209":{"start":{"line":481,"column":4},"end":{"line":481,"column":33}},"210":{"start":{"line":482,"column":4},"end":{"line":482,"column":44}},"211":{"start":{"line":483,"column":4},"end":{"line":483,"column":25}},"212":{"start":{"line":486,"column":4},"end":{"line":488,"column":5}},"213":{"start":{"line":487,"column":6},"end":{"line":487,"column":52}},"214":{"start":{"line":490,"column":4},"end":{"line":490,"column":41}},"215":{"start":{"line":492,"column":4},"end":{"line":518,"column":5}},"216":{"start":{"line":493,"column":6},"end":{"line":493,"column":81}},"217":{"start":{"line":494,"column":6},"end":{"line":494,"column":63}},"218":{"start":{"line":495,"column":6},"end":{"line":495,"column":69}},"219":{"start":{"line":496,"column":6},"end":{"line":496,"column":68}},"220":{"start":{"line":497,"column":6},"end":{"line":497,"column":74}},"221":{"start":{"line":498,"column":6},"end":{"line":498,"column":64}},"222":{"start":{"line":499,"column":6},"end":{"line":499,"column":62}},"223":{"start":{"line":500,"column":6},"end":{"line":500,"column":60}},"224":{"start":{"line":503,"column":6},"end":{"line":503,"column":70}},"225":{"start":{"line":504,"column":6},"end":{"line":504,"column":75}},"226":{"start":{"line":505,"column":6},"end":{"line":505,"column":74}},"227":{"start":{"line":506,"column":6},"end":{"line":506,"column":69}},"228":{"start":{"line":507,"column":6},"end":{"line":507,"column":82}},"229":{"start":{"line":508,"column":6},"end":{"line":508,"column":73}},"230":{"start":{"line":509,"column":6},"end":{"line":509,"column":72}},"231":{"start":{"line":510,"column":6},"end":{"line":510,"column":84}},"232":{"start":{"line":511,"column":6},"end":{"line":511,"column":84}},"233":{"start":{"line":512,"column":6},"end":{"line":512,"column":84}},"234":{"start":{"line":513,"column":6},"end":{"line":513,"column":83}},"235":{"start":{"line":514,"column":6},"end":{"line":514,"column":78}},"236":{"start":{"line":515,"column":6},"end":{"line":515,"column":74}},"237":{"start":{"line":516,"column":6},"end":{"line":516,"column":32}},"238":{"start":{"line":517,"column":6},"end":{"line":517,"column":29}},"239":{"start":{"line":519,"column":4},"end":{"line":519,"column":49}},"240":{"start":{"line":526,"column":16},"end":{"line":526,"column":20}},"241":{"start":{"line":527,"column":19},"end":{"line":527,"column":51}},"242":{"start":{"line":528,"column":4},"end":{"line":528,"column":23}},"243":{"start":{"line":529,"column":4},"end":{"line":529,"column":21}},"244":{"start":{"line":530,"column":4},"end":{"line":530,"column":30}},"245":{"start":{"line":531,"column":4},"end":{"line":531,"column":32}},"246":{"start":{"line":532,"column":4},"end":{"line":532,"column":35}},"247":{"start":{"line":533,"column":4},"end":{"line":533,"column":35}},"248":{"start":{"line":534,"column":4},"end":{"line":536,"column":5}},"249":{"start":{"line":535,"column":6},"end":{"line":535,"column":48}},"250":{"start":{"line":537,"column":4},"end":{"line":537,"column":56}},"251":{"start":{"line":539,"column":4},"end":{"line":547,"column":5}},"252":{"start":{"line":540,"column":6},"end":{"line":540,"column":46}},"253":{"start":{"line":541,"column":6},"end":{"line":541,"column":30}},"254":{"start":{"line":542,"column":6},"end":{"line":542,"column":38}},"255":{"start":{"line":543,"column":6},"end":{"line":543,"column":66}},"256":{"start":{"line":544,"column":6},"end":{"line":544,"column":36}},"257":{"start":{"line":546,"column":6},"end":{"line":546,"column":50}},"258":{"start":{"line":549,"column":4},"end":{"line":549,"column":43}},"259":{"start":{"line":551,"column":4},"end":{"line":551,"column":91}},"260":{"start":{"line":551,"column":56},"end":{"line":551,"column":82}},"261":{"start":{"line":552,"column":4},"end":{"line":552,"column":73}},"262":{"start":{"line":552,"column":46},"end":{"line":552,"column":64}},"263":{"start":{"line":553,"column":4},"end":{"line":553,"column":79}},"264":{"start":{"line":553,"column":47},"end":{"line":553,"column":70}},"265":{"start":{"line":554,"column":4},"end":{"line":554,"column":78}},"266":{"start":{"line":554,"column":47},"end":{"line":554,"column":69}},"267":{"start":{"line":555,"column":4},"end":{"line":555,"column":84}},"268":{"start":{"line":555,"column":52},"end":{"line":555,"column":75}},"269":{"start":{"line":556,"column":4},"end":{"line":556,"column":72}},"270":{"start":{"line":556,"column":48},"end":{"line":556,"column":63}},"271":{"start":{"line":557,"column":4},"end":{"line":557,"column":74}},"272":{"start":{"line":557,"column":49},"end":{"line":557,"column":65}},"273":{"start":{"line":558,"column":4},"end":{"line":558,"column":72}},"274":{"start":{"line":558,"column":48},"end":{"line":558,"column":63}},"275":{"start":{"line":560,"column":4},"end":{"line":560,"column":60}},"276":{"start":{"line":564,"column":4},"end":{"line":567,"column":5}},"277":{"start":{"line":565,"column":6},"end":{"line":565,"column":62}},"278":{"start":{"line":566,"column":6},"end":{"line":566,"column":75}},"279":{"start":{"line":574,"column":16},"end":{"line":574,"column":20}},"280":{"start":{"line":575,"column":4},"end":{"line":577,"column":5}},"281":{"start":{"line":576,"column":6},"end":{"line":576,"column":48}},"282":{"start":{"line":578,"column":4},"end":{"line":578,"column":30}},"283":{"start":{"line":579,"column":4},"end":{"line":579,"column":32}},"284":{"start":{"line":580,"column":4},"end":{"line":580,"column":35}},"285":{"start":{"line":581,"column":4},"end":{"line":583,"column":5}},"286":{"start":{"line":582,"column":6},"end":{"line":582,"column":53}},"287":{"start":{"line":586,"column":4},"end":{"line":586,"column":91}},"288":{"start":{"line":586,"column":56},"end":{"line":586,"column":82}},"289":{"start":{"line":587,"column":4},"end":{"line":587,"column":73}},"290":{"start":{"line":587,"column":46},"end":{"line":587,"column":64}},"291":{"start":{"line":588,"column":4},"end":{"line":588,"column":79}},"292":{"start":{"line":588,"column":47},"end":{"line":588,"column":70}},"293":{"start":{"line":589,"column":4},"end":{"line":589,"column":78}},"294":{"start":{"line":589,"column":47},"end":{"line":589,"column":69}},"295":{"start":{"line":590,"column":4},"end":{"line":590,"column":84}},"296":{"start":{"line":590,"column":52},"end":{"line":590,"column":75}},"297":{"start":{"line":591,"column":4},"end":{"line":591,"column":72}},"298":{"start":{"line":591,"column":48},"end":{"line":591,"column":63}},"299":{"start":{"line":592,"column":4},"end":{"line":592,"column":74}},"300":{"start":{"line":592,"column":49},"end":{"line":592,"column":65}},"301":{"start":{"line":593,"column":4},"end":{"line":593,"column":72}},"302":{"start":{"line":593,"column":48},"end":{"line":593,"column":63}},"303":{"start":{"line":595,"column":4},"end":{"line":595,"column":75}},"304":{"start":{"line":595,"column":53},"end":{"line":595,"column":73}},"305":{"start":{"line":596,"column":4},"end":{"line":596,"column":80}},"306":{"start":{"line":596,"column":58},"end":{"line":596,"column":78}},"307":{"start":{"line":597,"column":4},"end":{"line":597,"column":79}},"308":{"start":{"line":597,"column":57},"end":{"line":597,"column":77}},"309":{"start":{"line":598,"column":4},"end":{"line":598,"column":74}},"310":{"start":{"line":598,"column":52},"end":{"line":598,"column":72}},"311":{"start":{"line":599,"column":4},"end":{"line":599,"column":87}},"312":{"start":{"line":599,"column":65},"end":{"line":599,"column":85}},"313":{"start":{"line":600,"column":4},"end":{"line":600,"column":78}},"314":{"start":{"line":600,"column":56},"end":{"line":600,"column":76}},"315":{"start":{"line":601,"column":4},"end":{"line":601,"column":77}},"316":{"start":{"line":601,"column":55},"end":{"line":601,"column":75}},"317":{"start":{"line":602,"column":4},"end":{"line":602,"column":89}},"318":{"start":{"line":602,"column":67},"end":{"line":602,"column":87}},"319":{"start":{"line":603,"column":4},"end":{"line":603,"column":89}},"320":{"start":{"line":603,"column":67},"end":{"line":603,"column":87}},"321":{"start":{"line":604,"column":4},"end":{"line":604,"column":89}},"322":{"start":{"line":604,"column":67},"end":{"line":604,"column":87}},"323":{"start":{"line":605,"column":4},"end":{"line":605,"column":88}},"324":{"start":{"line":605,"column":66},"end":{"line":605,"column":86}},"325":{"start":{"line":606,"column":4},"end":{"line":606,"column":83}},"326":{"start":{"line":606,"column":61},"end":{"line":606,"column":81}},"327":{"start":{"line":607,"column":4},"end":{"line":607,"column":79}},"328":{"start":{"line":607,"column":57},"end":{"line":607,"column":77}},"329":{"start":{"line":609,"column":4},"end":{"line":609,"column":26}},"330":{"start":{"line":610,"column":4},"end":{"line":627,"column":5}},"331":{"start":{"line":611,"column":6},"end":{"line":611,"column":59}},"332":{"start":{"line":612,"column":6},"end":{"line":612,"column":36}},"333":{"start":{"line":613,"column":6},"end":{"line":613,"column":65}},"334":{"start":{"line":615,"column":6},"end":{"line":615,"column":63}},"335":{"start":{"line":616,"column":6},"end":{"line":616,"column":35}},"336":{"start":{"line":617,"column":6},"end":{"line":617,"column":45}},"337":{"start":{"line":618,"column":6},"end":{"line":624,"column":9}},"338":{"start":{"line":625,"column":6},"end":{"line":625,"column":67}},"339":{"start":{"line":626,"column":6},"end":{"line":626,"column":69}},"340":{"start":{"line":629,"column":4},"end":{"line":638,"column":7}},"341":{"start":{"line":630,"column":6},"end":{"line":633,"column":7}},"342":{"start":{"line":632,"column":8},"end":{"line":632,"column":56}},"343":{"start":{"line":634,"column":6},"end":{"line":637,"column":7}},"344":{"start":{"line":635,"column":8},"end":{"line":635,"column":56}},"345":{"start":{"line":636,"column":8},"end":{"line":636,"column":63}},"346":{"start":{"line":640,"column":4},"end":{"line":640,"column":88}},"347":{"start":{"line":643,"column":4},"end":{"line":651,"column":5}},"348":{"start":{"line":644,"column":6},"end":{"line":644,"column":46}},"349":{"start":{"line":645,"column":6},"end":{"line":645,"column":30}},"350":{"start":{"line":646,"column":6},"end":{"line":646,"column":38}},"351":{"start":{"line":647,"column":6},"end":{"line":647,"column":66}},"352":{"start":{"line":648,"column":6},"end":{"line":648,"column":36}},"353":{"start":{"line":650,"column":6},"end":{"line":650,"column":51}},"354":{"start":{"line":653,"column":4},"end":{"line":653,"column":43}},"355":{"start":{"line":657,"column":4},"end":{"line":660,"column":29}},"356":{"start":{"line":659,"column":6},"end":{"line":659,"column":60}},"357":{"start":{"line":661,"column":4},"end":{"line":661,"column":56}},"358":{"start":{"line":665,"column":0},"end":{"line":665,"column":29}}},"fnMap":{"0":{"name":"(anonymous_0)","decl":{"start":{"line":13,"column":2},"end":{"line":13,"column":3}},"loc":{"start":{"line":13,"column":26},"end":{"line":40,"column":3}},"line":13},"1":{"name":"(anonymous_1)","decl":{"start":{"line":45,"column":2},"end":{"line":45,"column":3}},"loc":{"start":{"line":45,"column":28},"end":{"line":66,"column":3}},"line":45},"2":{"name":"(anonymous_2)","decl":{"start":{"line":71,"column":2},"end":{"line":71,"column":3}},"loc":{"start":{"line":71,"column":20},"end":{"line":73,"column":3}},"line":71},"3":{"name":"(anonymous_3)","decl":{"start":{"line":78,"column":2},"end":{"line":78,"column":3}},"loc":{"start":{"line":78,"column":21},"end":{"line":80,"column":3}},"line":78},"4":{"name":"(anonymous_4)","decl":{"start":{"line":85,"column":2},"end":{"line":85,"column":3}},"loc":{"start":{"line":85,"column":9},"end":{"line":91,"column":3}},"line":85},"5":{"name":"(anonymous_5)","decl":{"start":{"line":96,"column":2},"end":{"line":96,"column":3}},"loc":{"start":{"line":96,"column":9},"end":{"line":102,"column":3}},"line":96},"6":{"name":"(anonymous_6)","decl":{"start":{"line":107,"column":2},"end":{"line":107,"column":3}},"loc":{"start":{"line":107,"column":13},"end":{"line":113,"column":3}},"line":107},"7":{"name":"(anonymous_7)","decl":{"start":{"line":118,"column":2},"end":{"line":118,"column":3}},"loc":{"start":{"line":118,"column":12},"end":{"line":124,"column":3}},"line":118},"8":{"name":"(anonymous_8)","decl":{"start":{"line":129,"column":2},"end":{"line":129,"column":3}},"loc":{"start":{"line":129,"column":12},"end":{"line":135,"column":3}},"line":129},"9":{"name":"(anonymous_9)","decl":{"start":{"line":140,"column":2},"end":{"line":140,"column":3}},"loc":{"start":{"line":140,"column":20},"end":{"line":146,"column":3}},"line":140},"10":{"name":"(anonymous_10)","decl":{"start":{"line":151,"column":2},"end":{"line":151,"column":3}},"loc":{"start":{"line":151,"column":16},"end":{"line":157,"column":3}},"line":151},"11":{"name":"(anonymous_11)","decl":{"start":{"line":162,"column":2},"end":{"line":162,"column":3}},"loc":{"start":{"line":162,"column":14},"end":{"line":168,"column":3}},"line":162},"12":{"name":"(anonymous_12)","decl":{"start":{"line":170,"column":2},"end":{"line":170,"column":3}},"loc":{"start":{"line":170,"column":20},"end":{"line":178,"column":3}},"line":170},"13":{"name":"(anonymous_13)","decl":{"start":{"line":183,"column":2},"end":{"line":183,"column":3}},"loc":{"start":{"line":183,"column":31},"end":{"line":203,"column":3}},"line":183},"14":{"name":"(anonymous_14)","decl":{"start":{"line":205,"column":2},"end":{"line":205,"column":3}},"loc":{"start":{"line":205,"column":18},"end":{"line":214,"column":3}},"line":205},"15":{"name":"(anonymous_15)","decl":{"start":{"line":216,"column":2},"end":{"line":216,"column":3}},"loc":{"start":{"line":216,"column":37},"end":{"line":225,"column":3}},"line":216},"16":{"name":"(anonymous_16)","decl":{"start":{"line":227,"column":2},"end":{"line":227,"column":3}},"loc":{"start":{"line":227,"column":36},"end":{"line":236,"column":3}},"line":227},"17":{"name":"(anonymous_17)","decl":{"start":{"line":241,"column":2},"end":{"line":241,"column":3}},"loc":{"start":{"line":241,"column":29},"end":{"line":257,"column":3}},"line":241},"18":{"name":"(anonymous_18)","decl":{"start":{"line":259,"column":2},"end":{"line":259,"column":3}},"loc":{"start":{"line":259,"column":22},"end":{"line":268,"column":3}},"line":259},"19":{"name":"(anonymous_19)","decl":{"start":{"line":270,"column":2},"end":{"line":270,"column":3}},"loc":{"start":{"line":270,"column":35},"end":{"line":280,"column":3}},"line":270},"20":{"name":"(anonymous_20)","decl":{"start":{"line":282,"column":2},"end":{"line":282,"column":3}},"loc":{"start":{"line":282,"column":34},"end":{"line":292,"column":3}},"line":282},"21":{"name":"(anonymous_21)","decl":{"start":{"line":297,"column":2},"end":{"line":297,"column":3}},"loc":{"start":{"line":297,"column":16},"end":{"line":303,"column":3}},"line":297},"22":{"name":"(anonymous_22)","decl":{"start":{"line":308,"column":2},"end":{"line":308,"column":3}},"loc":{"start":{"line":308,"column":10},"end":{"line":314,"column":3}},"line":308},"23":{"name":"(anonymous_23)","decl":{"start":{"line":319,"column":2},"end":{"line":319,"column":3}},"loc":{"start":{"line":319,"column":17},"end":{"line":325,"column":3}},"line":319},"24":{"name":"(anonymous_24)","decl":{"start":{"line":330,"column":2},"end":{"line":330,"column":3}},"loc":{"start":{"line":330,"column":18},"end":{"line":332,"column":3}},"line":330},"25":{"name":"(anonymous_25)","decl":{"start":{"line":334,"column":2},"end":{"line":334,"column":3}},"loc":{"start":{"line":334,"column":22},"end":{"line":336,"column":3}},"line":334},"26":{"name":"(anonymous_26)","decl":{"start":{"line":338,"column":2},"end":{"line":338,"column":3}},"loc":{"start":{"line":338,"column":19},"end":{"line":340,"column":3}},"line":338},"27":{"name":"(anonymous_27)","decl":{"start":{"line":342,"column":2},"end":{"line":342,"column":3}},"loc":{"start":{"line":342,"column":16},"end":{"line":345,"column":3}},"line":342},"28":{"name":"(anonymous_28)","decl":{"start":{"line":347,"column":2},"end":{"line":347,"column":3}},"loc":{"start":{"line":347,"column":21},"end":{"line":349,"column":3}},"line":347},"29":{"name":"(anonymous_29)","decl":{"start":{"line":351,"column":2},"end":{"line":351,"column":3}},"loc":{"start":{"line":351,"column":20},"end":{"line":354,"column":3}},"line":351},"30":{"name":"(anonymous_30)","decl":{"start":{"line":356,"column":2},"end":{"line":356,"column":3}},"loc":{"start":{"line":356,"column":21},"end":{"line":365,"column":3}},"line":356},"31":{"name":"(anonymous_31)","decl":{"start":{"line":367,"column":2},"end":{"line":367,"column":3}},"loc":{"start":{"line":367,"column":13},"end":{"line":369,"column":3}},"line":367},"32":{"name":"(anonymous_32)","decl":{"start":{"line":371,"column":2},"end":{"line":371,"column":3}},"loc":{"start":{"line":371,"column":14},"end":{"line":373,"column":3}},"line":371},"33":{"name":"(anonymous_33)","decl":{"start":{"line":375,"column":2},"end":{"line":375,"column":3}},"loc":{"start":{"line":375,"column":13},"end":{"line":387,"column":3}},"line":375},"34":{"name":"(anonymous_34)","decl":{"start":{"line":389,"column":2},"end":{"line":389,"column":3}},"loc":{"start":{"line":389,"column":24},"end":{"line":415,"column":3}},"line":389},"35":{"name":"(anonymous_35)","decl":{"start":{"line":417,"column":2},"end":{"line":417,"column":3}},"loc":{"start":{"line":417,"column":31},"end":{"line":449,"column":3}},"line":417},"36":{"name":"(anonymous_36)","decl":{"start":{"line":451,"column":2},"end":{"line":451,"column":3}},"loc":{"start":{"line":451,"column":22},"end":{"line":468,"column":3}},"line":451},"37":{"name":"(anonymous_37)","decl":{"start":{"line":473,"column":2},"end":{"line":473,"column":3}},"loc":{"start":{"line":473,"column":11},"end":{"line":520,"column":3}},"line":473},"38":{"name":"(anonymous_38)","decl":{"start":{"line":525,"column":2},"end":{"line":525,"column":3}},"loc":{"start":{"line":525,"column":42},"end":{"line":561,"column":3}},"line":525},"39":{"name":"(anonymous_39)","decl":{"start":{"line":551,"column":50},"end":{"line":551,"column":51}},"loc":{"start":{"line":551,"column":56},"end":{"line":551,"column":82}},"line":551},"40":{"name":"(anonymous_40)","decl":{"start":{"line":552,"column":40},"end":{"line":552,"column":41}},"loc":{"start":{"line":552,"column":46},"end":{"line":552,"column":64}},"line":552},"41":{"name":"(anonymous_41)","decl":{"start":{"line":553,"column":41},"end":{"line":553,"column":42}},"loc":{"start":{"line":553,"column":47},"end":{"line":553,"column":70}},"line":553},"42":{"name":"(anonymous_42)","decl":{"start":{"line":554,"column":41},"end":{"line":554,"column":42}},"loc":{"start":{"line":554,"column":47},"end":{"line":554,"column":69}},"line":554},"43":{"name":"(anonymous_43)","decl":{"start":{"line":555,"column":46},"end":{"line":555,"column":47}},"loc":{"start":{"line":555,"column":52},"end":{"line":555,"column":75}},"line":555},"44":{"name":"(anonymous_44)","decl":{"start":{"line":556,"column":42},"end":{"line":556,"column":43}},"loc":{"start":{"line":556,"column":48},"end":{"line":556,"column":63}},"line":556},"45":{"name":"(anonymous_45)","decl":{"start":{"line":557,"column":43},"end":{"line":557,"column":44}},"loc":{"start":{"line":557,"column":49},"end":{"line":557,"column":65}},"line":557},"46":{"name":"(anonymous_46)","decl":{"start":{"line":558,"column":41},"end":{"line":558,"column":42}},"loc":{"start":{"line":558,"column":48},"end":{"line":558,"column":63}},"line":558},"47":{"name":"(anonymous_47)","decl":{"start":{"line":563,"column":2},"end":{"line":563,"column":3}},"loc":{"start":{"line":563,"column":35},"end":{"line":568,"column":3}},"line":563},"48":{"name":"(anonymous_48)","decl":{"start":{"line":573,"column":2},"end":{"line":573,"column":3}},"loc":{"start":{"line":573,"column":59},"end":{"line":662,"column":3}},"line":573},"49":{"name":"(anonymous_49)","decl":{"start":{"line":586,"column":50},"end":{"line":586,"column":51}},"loc":{"start":{"line":586,"column":56},"end":{"line":586,"column":82}},"line":586},"50":{"name":"(anonymous_50)","decl":{"start":{"line":587,"column":40},"end":{"line":587,"column":41}},"loc":{"start":{"line":587,"column":46},"end":{"line":587,"column":64}},"line":587},"51":{"name":"(anonymous_51)","decl":{"start":{"line":588,"column":41},"end":{"line":588,"column":42}},"loc":{"start":{"line":588,"column":47},"end":{"line":588,"column":70}},"line":588},"52":{"name":"(anonymous_52)","decl":{"start":{"line":589,"column":41},"end":{"line":589,"column":42}},"loc":{"start":{"line":589,"column":47},"end":{"line":589,"column":69}},"line":589},"53":{"name":"(anonymous_53)","decl":{"start":{"line":590,"column":46},"end":{"line":590,"column":47}},"loc":{"start":{"line":590,"column":52},"end":{"line":590,"column":75}},"line":590},"54":{"name":"(anonymous_54)","decl":{"start":{"line":591,"column":42},"end":{"line":591,"column":43}},"loc":{"start":{"line":591,"column":48},"end":{"line":591,"column":63}},"line":591},"55":{"name":"(anonymous_55)","decl":{"start":{"line":592,"column":43},"end":{"line":592,"column":44}},"loc":{"start":{"line":592,"column":49},"end":{"line":592,"column":65}},"line":592},"56":{"name":"(anonymous_56)","decl":{"start":{"line":593,"column":41},"end":{"line":593,"column":42}},"loc":{"start":{"line":593,"column":48},"end":{"line":593,"column":63}},"line":593},"57":{"name":"(anonymous_57)","decl":{"start":{"line":595,"column":46},"end":{"line":595,"column":47}},"loc":{"start":{"line":595,"column":53},"end":{"line":595,"column":73}},"line":595},"58":{"name":"(anonymous_58)","decl":{"start":{"line":596,"column":51},"end":{"line":596,"column":52}},"loc":{"start":{"line":596,"column":58},"end":{"line":596,"column":78}},"line":596},"59":{"name":"(anonymous_59)","decl":{"start":{"line":597,"column":50},"end":{"line":597,"column":51}},"loc":{"start":{"line":597,"column":57},"end":{"line":597,"column":77}},"line":597},"60":{"name":"(anonymous_60)","decl":{"start":{"line":598,"column":45},"end":{"line":598,"column":46}},"loc":{"start":{"line":598,"column":52},"end":{"line":598,"column":72}},"line":598},"61":{"name":"(anonymous_61)","decl":{"start":{"line":599,"column":58},"end":{"line":599,"column":59}},"loc":{"start":{"line":599,"column":65},"end":{"line":599,"column":85}},"line":599},"62":{"name":"(anonymous_62)","decl":{"start":{"line":600,"column":49},"end":{"line":600,"column":50}},"loc":{"start":{"line":600,"column":56},"end":{"line":600,"column":76}},"line":600},"63":{"name":"(anonymous_63)","decl":{"start":{"line":601,"column":48},"end":{"line":601,"column":49}},"loc":{"start":{"line":601,"column":55},"end":{"line":601,"column":75}},"line":601},"64":{"name":"(anonymous_64)","decl":{"start":{"line":602,"column":60},"end":{"line":602,"column":61}},"loc":{"start":{"line":602,"column":67},"end":{"line":602,"column":87}},"line":602},"65":{"name":"(anonymous_65)","decl":{"start":{"line":603,"column":60},"end":{"line":603,"column":61}},"loc":{"start":{"line":603,"column":67},"end":{"line":603,"column":87}},"line":603},"66":{"name":"(anonymous_66)","decl":{"start":{"line":604,"column":60},"end":{"line":604,"column":61}},"loc":{"start":{"line":604,"column":67},"end":{"line":604,"column":87}},"line":604},"67":{"name":"(anonymous_67)","decl":{"start":{"line":605,"column":59},"end":{"line":605,"column":60}},"loc":{"start":{"line":605,"column":66},"end":{"line":605,"column":86}},"line":605},"68":{"name":"(anonymous_68)","decl":{"start":{"line":606,"column":54},"end":{"line":606,"column":55}},"loc":{"start":{"line":606,"column":61},"end":{"line":606,"column":81}},"line":606},"69":{"name":"(anonymous_69)","decl":{"start":{"line":607,"column":50},"end":{"line":607,"column":51}},"loc":{"start":{"line":607,"column":57},"end":{"line":607,"column":77}},"line":607},"70":{"name":"(anonymous_70)","decl":{"start":{"line":629,"column":64},"end":{"line":629,"column":65}},"loc":{"start":{"line":629,"column":83},"end":{"line":638,"column":5}},"line":629},"71":{"name":"(anonymous_71)","decl":{"start":{"line":657,"column":35},"end":{"line":657,"column":36}},"loc":{"start":{"line":657,"column":41},"end":{"line":660,"column":5}},"line":657}},"branchMap":{"0":{"loc":{"start":{"line":51,"column":4},"end":{"line":55,"column":5}},"type":"if","locations":[{"start":{"line":51,"column":4},"end":{"line":55,"column":5}},{"start":{"line":51,"column":4},"end":{"line":55,"column":5}}],"line":51},"1":{"loc":{"start":{"line":58,"column":4},"end":{"line":60,"column":5}},"type":"if","locations":[{"start":{"line":58,"column":4},"end":{"line":60,"column":5}},{"start":{"line":58,"column":4},"end":{"line":60,"column":5}}],"line":58},"2":{"loc":{"start":{"line":86,"column":4},"end":{"line":90,"column":5}},"type":"if","locations":[{"start":{"line":86,"column":4},"end":{"line":90,"column":5}},{"start":{"line":86,"column":4},"end":{"line":90,"column":5}}],"line":86},"3":{"loc":{"start":{"line":97,"column":4},"end":{"line":99,"column":5}},"type":"if","locations":[{"start":{"line":97,"column":4},"end":{"line":99,"column":5}},{"start":{"line":97,"column":4},"end":{"line":99,"column":5}}],"line":97},"4":{"loc":{"start":{"line":108,"column":4},"end":{"line":110,"column":5}},"type":"if","locations":[{"start":{"line":108,"column":4},"end":{"line":110,"column":5}},{"start":{"line":108,"column":4},"end":{"line":110,"column":5}}],"line":108},"5":{"loc":{"start":{"line":119,"column":4},"end":{"line":121,"column":5}},"type":"if","locations":[{"start":{"line":119,"column":4},"end":{"line":121,"column":5}},{"start":{"line":119,"column":4},"end":{"line":121,"column":5}}],"line":119},"6":{"loc":{"start":{"line":130,"column":4},"end":{"line":132,"column":5}},"type":"if","locations":[{"start":{"line":130,"column":4},"end":{"line":132,"column":5}},{"start":{"line":130,"column":4},"end":{"line":132,"column":5}}],"line":130},"7":{"loc":{"start":{"line":141,"column":4},"end":{"line":145,"column":5}},"type":"if","locations":[{"start":{"line":141,"column":4},"end":{"line":145,"column":5}},{"start":{"line":141,"column":4},"end":{"line":145,"column":5}}],"line":141},"8":{"loc":{"start":{"line":152,"column":4},"end":{"line":154,"column":5}},"type":"if","locations":[{"start":{"line":152,"column":4},"end":{"line":154,"column":5}},{"start":{"line":152,"column":4},"end":{"line":154,"column":5}}],"line":152},"9":{"loc":{"start":{"line":163,"column":4},"end":{"line":165,"column":5}},"type":"if","locations":[{"start":{"line":163,"column":4},"end":{"line":165,"column":5}},{"start":{"line":163,"column":4},"end":{"line":165,"column":5}}],"line":163},"10":{"loc":{"start":{"line":171,"column":4},"end":{"line":177,"column":5}},"type":"if","locations":[{"start":{"line":171,"column":4},"end":{"line":177,"column":5}},{"start":{"line":171,"column":4},"end":{"line":177,"column":5}}],"line":171},"11":{"loc":{"start":{"line":171,"column":8},"end":{"line":171,"column":55}},"type":"binary-expr","locations":[{"start":{"line":171,"column":8},"end":{"line":171,"column":20}},{"start":{"line":171,"column":24},"end":{"line":171,"column":41}},{"start":{"line":171,"column":45},"end":{"line":171,"column":55}}],"line":171},"12":{"loc":{"start":{"line":186,"column":4},"end":{"line":202,"column":5}},"type":"if","locations":[{"start":{"line":186,"column":4},"end":{"line":202,"column":5}},{"start":{"line":186,"column":4},"end":{"line":202,"column":5}}],"line":186},"13":{"loc":{"start":{"line":187,"column":6},"end":{"line":201,"column":7}},"type":"if","locations":[{"start":{"line":187,"column":6},"end":{"line":201,"column":7}},{"start":{"line":187,"column":6},"end":{"line":201,"column":7}}],"line":187},"14":{"loc":{"start":{"line":189,"column":10},"end":{"line":197,"column":11}},"type":"if","locations":[{"start":{"line":189,"column":10},"end":{"line":197,"column":11}},{"start":{"line":189,"column":10},"end":{"line":197,"column":11}}],"line":189},"15":{"loc":{"start":{"line":189,"column":14},"end":{"line":191,"column":73}},"type":"binary-expr","locations":[{"start":{"line":189,"column":15},"end":{"line":189,"column":59}},{"start":{"line":190,"column":28},"end":{"line":190,"column":73}},{"start":{"line":191,"column":28},"end":{"line":191,"column":72}}],"line":189},"16":{"loc":{"start":{"line":192,"column":12},"end":{"line":196,"column":13}},"type":"if","locations":[{"start":{"line":192,"column":12},"end":{"line":196,"column":13}},{"start":{"line":192,"column":12},"end":{"line":196,"column":13}}],"line":192},"17":{"loc":{"start":{"line":206,"column":4},"end":{"line":211,"column":5}},"type":"if","locations":[{"start":{"line":206,"column":4},"end":{"line":211,"column":5}},{"start":{"line":206,"column":4},"end":{"line":211,"column":5}}],"line":206},"18":{"loc":{"start":{"line":207,"column":6},"end":{"line":209,"column":7}},"type":"if","locations":[{"start":{"line":207,"column":6},"end":{"line":209,"column":7}},{"start":{"line":207,"column":6},"end":{"line":209,"column":7}}],"line":207},"19":{"loc":{"start":{"line":217,"column":4},"end":{"line":222,"column":5}},"type":"if","locations":[{"start":{"line":217,"column":4},"end":{"line":222,"column":5}},{"start":{"line":217,"column":4},"end":{"line":222,"column":5}}],"line":217},"20":{"loc":{"start":{"line":218,"column":6},"end":{"line":220,"column":7}},"type":"if","locations":[{"start":{"line":218,"column":6},"end":{"line":220,"column":7}},{"start":{"line":218,"column":6},"end":{"line":220,"column":7}}],"line":218},"21":{"loc":{"start":{"line":228,"column":4},"end":{"line":233,"column":5}},"type":"if","locations":[{"start":{"line":228,"column":4},"end":{"line":233,"column":5}},{"start":{"line":228,"column":4},"end":{"line":233,"column":5}}],"line":228},"22":{"loc":{"start":{"line":229,"column":6},"end":{"line":231,"column":7}},"type":"if","locations":[{"start":{"line":229,"column":6},"end":{"line":231,"column":7}},{"start":{"line":229,"column":6},"end":{"line":231,"column":7}}],"line":229},"23":{"loc":{"start":{"line":244,"column":4},"end":{"line":256,"column":5}},"type":"if","locations":[{"start":{"line":244,"column":4},"end":{"line":256,"column":5}},{"start":{"line":244,"column":4},"end":{"line":256,"column":5}}],"line":244},"24":{"loc":{"start":{"line":245,"column":6},"end":{"line":255,"column":7}},"type":"if","locations":[{"start":{"line":245,"column":6},"end":{"line":255,"column":7}},{"start":{"line":245,"column":6},"end":{"line":255,"column":7}}],"line":245},"25":{"loc":{"start":{"line":247,"column":10},"end":{"line":251,"column":11}},"type":"if","locations":[{"start":{"line":247,"column":10},"end":{"line":251,"column":11}},{"start":{"line":247,"column":10},"end":{"line":251,"column":11}}],"line":247},"26":{"loc":{"start":{"line":260,"column":4},"end":{"line":265,"column":5}},"type":"if","locations":[{"start":{"line":260,"column":4},"end":{"line":265,"column":5}},{"start":{"line":260,"column":4},"end":{"line":265,"column":5}}],"line":260},"27":{"loc":{"start":{"line":261,"column":6},"end":{"line":263,"column":7}},"type":"if","locations":[{"start":{"line":261,"column":6},"end":{"line":263,"column":7}},{"start":{"line":261,"column":6},"end":{"line":263,"column":7}}],"line":261},"28":{"loc":{"start":{"line":272,"column":4},"end":{"line":277,"column":5}},"type":"if","locations":[{"start":{"line":272,"column":4},"end":{"line":277,"column":5}},{"start":{"line":272,"column":4},"end":{"line":277,"column":5}}],"line":272},"29":{"loc":{"start":{"line":273,"column":6},"end":{"line":275,"column":7}},"type":"if","locations":[{"start":{"line":273,"column":6},"end":{"line":275,"column":7}},{"start":{"line":273,"column":6},"end":{"line":275,"column":7}}],"line":273},"30":{"loc":{"start":{"line":284,"column":4},"end":{"line":289,"column":5}},"type":"if","locations":[{"start":{"line":284,"column":4},"end":{"line":289,"column":5}},{"start":{"line":284,"column":4},"end":{"line":289,"column":5}}],"line":284},"31":{"loc":{"start":{"line":285,"column":6},"end":{"line":287,"column":7}},"type":"if","locations":[{"start":{"line":285,"column":6},"end":{"line":287,"column":7}},{"start":{"line":285,"column":6},"end":{"line":287,"column":7}}],"line":285},"32":{"loc":{"start":{"line":298,"column":4},"end":{"line":302,"column":5}},"type":"if","locations":[{"start":{"line":298,"column":4},"end":{"line":302,"column":5}},{"start":{"line":298,"column":4},"end":{"line":302,"column":5}}],"line":298},"33":{"loc":{"start":{"line":309,"column":4},"end":{"line":313,"column":5}},"type":"if","locations":[{"start":{"line":309,"column":4},"end":{"line":313,"column":5}},{"start":{"line":309,"column":4},"end":{"line":313,"column":5}}],"line":309},"34":{"loc":{"start":{"line":320,"column":4},"end":{"line":324,"column":5}},"type":"if","locations":[{"start":{"line":320,"column":4},"end":{"line":324,"column":5}},{"start":{"line":320,"column":4},"end":{"line":324,"column":5}}],"line":320},"35":{"loc":{"start":{"line":358,"column":4},"end":{"line":363,"column":5}},"type":"if","locations":[{"start":{"line":358,"column":4},"end":{"line":363,"column":5}},{"start":{"line":358,"column":4},"end":{"line":363,"column":5}}],"line":358},"36":{"loc":{"start":{"line":377,"column":4},"end":{"line":379,"column":5}},"type":"if","locations":[{"start":{"line":377,"column":4},"end":{"line":379,"column":5}},{"start":{"line":377,"column":4},"end":{"line":379,"column":5}}],"line":377},"37":{"loc":{"start":{"line":391,"column":4},"end":{"line":407,"column":5}},"type":"if","locations":[{"start":{"line":391,"column":4},"end":{"line":407,"column":5}},{"start":{"line":391,"column":4},"end":{"line":407,"column":5}}],"line":391},"38":{"loc":{"start":{"line":393,"column":8},"end":{"line":405,"column":9}},"type":"if","locations":[{"start":{"line":393,"column":8},"end":{"line":405,"column":9}},{"start":{"line":393,"column":8},"end":{"line":405,"column":9}}],"line":393},"39":{"loc":{"start":{"line":398,"column":15},"end":{"line":405,"column":9}},"type":"if","locations":[{"start":{"line":398,"column":15},"end":{"line":405,"column":9}},{"start":{"line":398,"column":15},"end":{"line":405,"column":9}}],"line":398},"40":{"loc":{"start":{"line":398,"column":19},"end":{"line":399,"column":70}},"type":"binary-expr","locations":[{"start":{"line":398,"column":20},"end":{"line":398,"column":64}},{"start":{"line":399,"column":24},"end":{"line":399,"column":69}}],"line":398},"41":{"loc":{"start":{"line":410,"column":4},"end":{"line":414,"column":5}},"type":"if","locations":[{"start":{"line":410,"column":4},"end":{"line":414,"column":5}},{"start":{"line":410,"column":4},"end":{"line":414,"column":5}}],"line":410},"42":{"loc":{"start":{"line":410,"column":8},"end":{"line":410,"column":70}},"type":"binary-expr","locations":[{"start":{"line":410,"column":9},"end":{"line":410,"column":37}},{"start":{"line":410,"column":43},"end":{"line":410,"column":69}}],"line":410},"43":{"loc":{"start":{"line":425,"column":4},"end":{"line":448,"column":5}},"type":"if","locations":[{"start":{"line":425,"column":4},"end":{"line":448,"column":5}},{"start":{"line":425,"column":4},"end":{"line":448,"column":5}}],"line":425},"44":{"loc":{"start":{"line":425,"column":8},"end":{"line":425,"column":43}},"type":"binary-expr","locations":[{"start":{"line":425,"column":8},"end":{"line":425,"column":21}},{"start":{"line":425,"column":25},"end":{"line":425,"column":43}}],"line":425},"45":{"loc":{"start":{"line":435,"column":8},"end":{"line":437,"column":9}},"type":"if","locations":[{"start":{"line":435,"column":8},"end":{"line":437,"column":9}},{"start":{"line":435,"column":8},"end":{"line":437,"column":9}}],"line":435},"46":{"loc":{"start":{"line":438,"column":8},"end":{"line":442,"column":9}},"type":"if","locations":[{"start":{"line":438,"column":8},"end":{"line":442,"column":9}},{"start":{"line":438,"column":8},"end":{"line":442,"column":9}}],"line":438},"47":{"loc":{"start":{"line":455,"column":4},"end":{"line":465,"column":5}},"type":"if","locations":[{"start":{"line":455,"column":4},"end":{"line":465,"column":5}},{"start":{"line":455,"column":4},"end":{"line":465,"column":5}}],"line":455},"48":{"loc":{"start":{"line":456,"column":6},"end":{"line":458,"column":7}},"type":"if","locations":[{"start":{"line":456,"column":6},"end":{"line":458,"column":7}},{"start":{"line":456,"column":6},"end":{"line":458,"column":7}}],"line":456},"49":{"loc":{"start":{"line":462,"column":6},"end":{"line":464,"column":7}},"type":"if","locations":[{"start":{"line":462,"column":6},"end":{"line":464,"column":7}},{"start":{"line":462,"column":6},"end":{"line":464,"column":7}}],"line":462},"50":{"loc":{"start":{"line":462,"column":10},"end":{"line":462,"column":63}},"type":"binary-expr","locations":[{"start":{"line":462,"column":10},"end":{"line":462,"column":32}},{"start":{"line":462,"column":36},"end":{"line":462,"column":63}}],"line":462},"51":{"loc":{"start":{"line":476,"column":4},"end":{"line":479,"column":5}},"type":"if","locations":[{"start":{"line":476,"column":4},"end":{"line":479,"column":5}},{"start":{"line":476,"column":4},"end":{"line":479,"column":5}}],"line":476},"52":{"loc":{"start":{"line":492,"column":4},"end":{"line":518,"column":5}},"type":"if","locations":[{"start":{"line":492,"column":4},"end":{"line":518,"column":5}},{"start":{"line":492,"column":4},"end":{"line":518,"column":5}}],"line":492},"53":{"loc":{"start":{"line":534,"column":4},"end":{"line":536,"column":5}},"type":"if","locations":[{"start":{"line":534,"column":4},"end":{"line":536,"column":5}},{"start":{"line":534,"column":4},"end":{"line":536,"column":5}}],"line":534},"54":{"loc":{"start":{"line":534,"column":8},"end":{"line":534,"column":64}},"type":"binary-expr","locations":[{"start":{"line":534,"column":8},"end":{"line":534,"column":23}},{"start":{"line":534,"column":27},"end":{"line":534,"column":47}},{"start":{"line":534,"column":51},"end":{"line":534,"column":64}}],"line":534},"55":{"loc":{"start":{"line":539,"column":4},"end":{"line":547,"column":5}},"type":"if","locations":[{"start":{"line":539,"column":4},"end":{"line":547,"column":5}},{"start":{"line":539,"column":4},"end":{"line":547,"column":5}}],"line":539},"56":{"loc":{"start":{"line":539,"column":8},"end":{"line":539,"column":73}},"type":"binary-expr","locations":[{"start":{"line":539,"column":8},"end":{"line":539,"column":36}},{"start":{"line":539,"column":40},"end":{"line":539,"column":73}}],"line":539},"57":{"loc":{"start":{"line":564,"column":4},"end":{"line":567,"column":5}},"type":"if","locations":[{"start":{"line":564,"column":4},"end":{"line":567,"column":5}},{"start":{"line":564,"column":4},"end":{"line":567,"column":5}}],"line":564},"58":{"loc":{"start":{"line":575,"column":4},"end":{"line":577,"column":5}},"type":"if","locations":[{"start":{"line":575,"column":4},"end":{"line":577,"column":5}},{"start":{"line":575,"column":4},"end":{"line":577,"column":5}}],"line":575},"59":{"loc":{"start":{"line":575,"column":8},"end":{"line":575,"column":64}},"type":"binary-expr","locations":[{"start":{"line":575,"column":8},"end":{"line":575,"column":23}},{"start":{"line":575,"column":27},"end":{"line":575,"column":47}},{"start":{"line":575,"column":51},"end":{"line":575,"column":64}}],"line":575},"60":{"loc":{"start":{"line":581,"column":4},"end":{"line":583,"column":5}},"type":"if","locations":[{"start":{"line":581,"column":4},"end":{"line":583,"column":5}},{"start":{"line":581,"column":4},"end":{"line":583,"column":5}}],"line":581},"61":{"loc":{"start":{"line":610,"column":4},"end":{"line":627,"column":5}},"type":"if","locations":[{"start":{"line":610,"column":4},"end":{"line":627,"column":5}},{"start":{"line":610,"column":4},"end":{"line":627,"column":5}}],"line":610},"62":{"loc":{"start":{"line":610,"column":8},"end":{"line":610,"column":45}},"type":"binary-expr","locations":[{"start":{"line":610,"column":9},"end":{"line":610,"column":26}},{"start":{"line":610,"column":32},"end":{"line":610,"column":44}}],"line":610},"63":{"loc":{"start":{"line":630,"column":6},"end":{"line":633,"column":7}},"type":"if","locations":[{"start":{"line":630,"column":6},"end":{"line":633,"column":7}},{"start":{"line":630,"column":6},"end":{"line":633,"column":7}}],"line":630},"64":{"loc":{"start":{"line":630,"column":10},"end":{"line":631,"column":76}},"type":"binary-expr","locations":[{"start":{"line":630,"column":11},"end":{"line":630,"column":67}},{"start":{"line":631,"column":20},"end":{"line":631,"column":75}}],"line":630},"65":{"loc":{"start":{"line":634,"column":6},"end":{"line":637,"column":7}},"type":"if","locations":[{"start":{"line":634,"column":6},"end":{"line":637,"column":7}},{"start":{"line":634,"column":6},"end":{"line":637,"column":7}}],"line":634},"66":{"loc":{"start":{"line":643,"column":4},"end":{"line":651,"column":5}},"type":"if","locations":[{"start":{"line":643,"column":4},"end":{"line":651,"column":5}},{"start":{"line":643,"column":4},"end":{"line":651,"column":5}}],"line":643},"67":{"loc":{"start":{"line":643,"column":8},"end":{"line":643,"column":73}},"type":"binary-expr","locations":[{"start":{"line":643,"column":8},"end":{"line":643,"column":36}},{"start":{"line":643,"column":40},"end":{"line":643,"column":73}}],"line":643}},"s":{"0":1,"1":1,"2":1,"3":1,"4":1,"5":5,"6":5,"7":5,"8":5,"9":5,"10":5,"11":5,"12":5,"13":5,"14":5,"15":5,"16":5,"17":5,"18":5,"19":5,"20":5,"21":5,"22":5,"23":5,"24":0,"25":0,"26":0,"27":0,"28":0,"29":0,"30":45,"31":0,"32":0,"33":0,"34":0,"35":0,"36":0,"37":0,"38":0,"39":0,"40":0,"41":0,"42":0,"43":0,"44":0,"45":0,"46":0,"47":0,"48":0,"49":0,"50":0,"51":0,"52":0,"53":0,"54":0,"55":0,"56":0,"57":0,"58":0,"59":0,"60":0,"61":0,"62":5,"63":0,"64":0,"65":5,"66":5,"67":0,"68":0,"69":0,"70":0,"71":0,"72":0,"73":0,"74":0,"75":0,"76":0,"77":0,"78":0,"79":0,"80":0,"81":0,"82":0,"83":0,"84":0,"85":0,"86":0,"87":0,"88":0,"89":0,"90":0,"91":0,"92":0,"93":0,"94":0,"95":0,"96":0,"97":0,"98":0,"99":0,"100":0,"101":0,"102":0,"103":0,"104":0,"105":0,"106":0,"107":0,"108":0,"109":0,"110":0,"111":0,"112":0,"113":0,"114":0,"115":0,"116":0,"117":0,"118":0,"119":0,"120":0,"121":0,"122":0,"123":0,"124":0,"125":0,"126":0,"127":0,"128":0,"129":0,"130":0,"131":0,"132":0,"133":0,"134":0,"135":0,"136":0,"137":0,"138":0,"139":0,"140":0,"141":0,"142":0,"143":0,"144":0,"145":0,"146":0,"147":0,"148":0,"149":0,"150":0,"151":0,"152":0,"153":0,"154":0,"155":0,"156":0,"157":0,"158":0,"159":0,"160":0,"161":0,"162":0,"163":0,"164":0,"165":0,"166":0,"167":0,"168":0,"169":0,"170":0,"171":0,"172":0,"173":0,"174":0,"175":0,"176":0,"177":0,"178":0,"179":0,"180":0,"181":0,"182":0,"183":0,"184":0,"185":0,"186":0,"187":0,"188":0,"189":0,"190":0,"191":0,"192":0,"193":0,"194":0,"195":0,"196":0,"197":0,"198":0,"199":0,"200":0,"201":0,"202":0,"203":0,"204":0,"205":0,"206":0,"207":0,"208":0,"209":0,"210":0,"211":0,"212":0,"213":0,"214":0,"215":0,"216":0,"217":0,"218":0,"219":0,"220":0,"221":0,"222":0,"223":0,"224":0,"225":0,"226":0,"227":0,"228":0,"229":0,"230":0,"231":0,"232":0,"233":0,"234":0,"235":0,"236":0,"237":0,"238":0,"239":0,"240":5,"241":5,"242":5,"243":5,"244":5,"245":0,"246":0,"247":0,"248":0,"249":0,"250":0,"251":0,"252":0,"253":0,"254":0,"255":0,"256":0,"257":0,"258":0,"259":0,"260":0,"261":0,"262":0,"263":0,"264":0,"265":0,"266":0,"267":0,"268":0,"269":0,"270":0,"271":0,"272":0,"273":0,"274":0,"275":0,"276":0,"277":0,"278":0,"279":0,"280":0,"281":0,"282":0,"283":0,"284":0,"285":0,"286":0,"287":0,"288":0,"289":0,"290":0,"291":0,"292":0,"293":0,"294":0,"295":0,"296":0,"297":0,"298":0,"299":0,"300":0,"301":0,"302":0,"303":0,"304":0,"305":0,"306":0,"307":0,"308":0,"309":0,"310":0,"311":0,"312":0,"313":0,"314":0,"315":0,"316":0,"317":0,"318":0,"319":0,"320":0,"321":0,"322":0,"323":0,"324":0,"325":0,"326":0,"327":0,"328":0,"329":0,"330":0,"331":0,"332":0,"333":0,"334":0,"335":0,"336":0,"337":0,"338":0,"339":0,"340":0,"341":0,"342":0,"343":0,"344":0,"345":0,"346":0,"347":0,"348":0,"349":0,"350":0,"351":0,"352":0,"353":0,"354":0,"355":0,"356":0,"357":0,"358":1},"f":{"0":5,"1":5,"2":45,"3":0,"4":0,"5":0,"6":0,"7":0,"8":0,"9":0,"10":0,"11":0,"12":5,"13":0,"14":0,"15":0,"16":0,"17":0,"18":0,"19":0,"20":0,"21":0,"22":0,"23":0,"24":0,"25":0,"26":0,"27":0,"28":0,"29":0,"30":0,"31":0,"32":0,"33":0,"34":0,"35":0,"36":0,"37":0,"38":5,"39":0,"40":0,"41":0,"42":0,"43":0,"44":0,"45":0,"46":0,"47":0,"48":0,"49":0,"50":0,"51":0,"52":0,"53":0,"54":0,"55":0,"56":0,"57":0,"58":0,"59":0,"60":0,"61":0,"62":0,"63":0,"64":0,"65":0,"66":0,"67":0,"68":0,"69":0,"70":0,"71":0},"b":{"0":[5,0],"1":[0,0],"2":[0,0],"3":[0,0],"4":[0,0],"5":[0,0],"6":[0,0],"7":[0,0],"8":[0,0],"9":[0,0],"10":[0,5],"11":[5,5,0],"12":[0,0],"13":[0,0],"14":[0,0],"15":[0,0,0],"16":[0,0],"17":[0,0],"18":[0,0],"19":[0,0],"20":[0,0],"21":[0,0],"22":[0,0],"23":[0,0],"24":[0,0],"25":[0,0],"26":[0,0],"27":[0,0],"28":[0,0],"29":[0,0],"30":[0,0],"31":[0,0],"32":[0,0],"33":[0,0],"34":[0,0],"35":[0,0],"36":[0,0],"37":[0,0],"38":[0,0],"39":[0,0],"40":[0,0],"41":[0,0],"42":[0,0],"43":[0,0],"44":[0,0],"45":[0,0],"46":[0,0],"47":[0,0],"48":[0,0],"49":[0,0],"50":[0,0],"51":[0,0],"52":[0,0],"53":[0,0],"54":[0,0,0],"55":[0,0],"56":[0,0],"57":[0,0],"58":[0,0],"59":[0,0,0],"60":[0,0],"61":[0,0],"62":[0,0],"63":[0,0],"64":[0,0],"65":[0,0],"66":[0,0],"67":[0,0]},"inputSourceMap":null,"_coverageSchema":"1a1c01bbd47fc00a2c39e90264f33305004495a9","hash":"422050df63b4ca12604211bb70ed48c9cbb4ac4a"}
,"/home/medazzo/Documents/EasySoftIn/github/fjplayer2/src/js/player/player.js": {"path":"/home/medazzo/Documents/EasySoftIn/github/fjplayer2/src/js/player/player.js","statementMap":{"0":{"start":{"line":1,"column":15},"end":{"line":1,"column":41}},"1":{"start":{"line":2,"column":17},"end":{"line":2,"column":42}},"2":{"start":{"line":3,"column":17},"end":{"line":3,"column":45}},"3":{"start":{"line":4,"column":14},"end":{"line":4,"column":42}},"4":{"start":{"line":5,"column":20},"end":{"line":5,"column":44}},"5":{"start":{"line":6,"column":17},"end":{"line":6,"column":42}},"6":{"start":{"line":7,"column":19},"end":{"line":7,"column":46}},"7":{"start":{"line":8,"column":16},"end":{"line":8,"column":43}},"8":{"start":{"line":14,"column":4},"end":{"line":14,"column":35}},"9":{"start":{"line":15,"column":4},"end":{"line":15,"column":31}},"10":{"start":{"line":16,"column":4},"end":{"line":16,"column":29}},"11":{"start":{"line":17,"column":4},"end":{"line":17,"column":29}},"12":{"start":{"line":18,"column":4},"end":{"line":18,"column":29}},"13":{"start":{"line":19,"column":4},"end":{"line":19,"column":27}},"14":{"start":{"line":20,"column":4},"end":{"line":20,"column":31}},"15":{"start":{"line":21,"column":4},"end":{"line":21,"column":32}},"16":{"start":{"line":22,"column":4},"end":{"line":22,"column":28}},"17":{"start":{"line":24,"column":4},"end":{"line":24,"column":29}},"18":{"start":{"line":25,"column":4},"end":{"line":25,"column":26}},"19":{"start":{"line":26,"column":4},"end":{"line":26,"column":33}},"20":{"start":{"line":27,"column":4},"end":{"line":27,"column":43}},"21":{"start":{"line":28,"column":4},"end":{"line":28,"column":27}},"22":{"start":{"line":29,"column":4},"end":{"line":29,"column":38}},"23":{"start":{"line":30,"column":4},"end":{"line":30,"column":35}},"24":{"start":{"line":31,"column":4},"end":{"line":31,"column":71}},"25":{"start":{"line":32,"column":4},"end":{"line":32,"column":91}},"26":{"start":{"line":33,"column":4},"end":{"line":33,"column":56}},"27":{"start":{"line":40,"column":19},"end":{"line":40,"column":44}},"28":{"start":{"line":41,"column":16},"end":{"line":41,"column":41}},"29":{"start":{"line":42,"column":18},"end":{"line":42,"column":60}},"30":{"start":{"line":43,"column":18},"end":{"line":43,"column":58}},"31":{"start":{"line":44,"column":4},"end":{"line":46,"column":5}},"32":{"start":{"line":45,"column":6},"end":{"line":45,"column":30}},"33":{"start":{"line":47,"column":4},"end":{"line":49,"column":5}},"34":{"start":{"line":48,"column":6},"end":{"line":48,"column":30}},"35":{"start":{"line":50,"column":4},"end":{"line":52,"column":5}},"36":{"start":{"line":51,"column":6},"end":{"line":51,"column":39}},"37":{"start":{"line":53,"column":4},"end":{"line":55,"column":5}},"38":{"start":{"line":54,"column":6},"end":{"line":54,"column":26}},"39":{"start":{"line":56,"column":4},"end":{"line":56,"column":46}},"40":{"start":{"line":60,"column":16},"end":{"line":60,"column":20}},"41":{"start":{"line":61,"column":4},"end":{"line":61,"column":76}},"42":{"start":{"line":62,"column":4},"end":{"line":64,"column":5}},"43":{"start":{"line":63,"column":6},"end":{"line":63,"column":20}},"44":{"start":{"line":65,"column":4},"end":{"line":65,"column":39}},"45":{"start":{"line":66,"column":4},"end":{"line":69,"column":5}},"46":{"start":{"line":67,"column":6},"end":{"line":67,"column":61}},"47":{"start":{"line":68,"column":6},"end":{"line":68,"column":19}},"48":{"start":{"line":70,"column":17},"end":{"line":70,"column":58}},"49":{"start":{"line":71,"column":4},"end":{"line":75,"column":5}},"50":{"start":{"line":72,"column":6},"end":{"line":73,"column":62}},"51":{"start":{"line":74,"column":6},"end":{"line":74,"column":19}},"52":{"start":{"line":77,"column":4},"end":{"line":77,"column":91}},"53":{"start":{"line":79,"column":4},"end":{"line":79,"column":59}},"54":{"start":{"line":81,"column":4},"end":{"line":81,"column":65}},"55":{"start":{"line":83,"column":4},"end":{"line":83,"column":57}},"56":{"start":{"line":85,"column":4},"end":{"line":85,"column":63}},"57":{"start":{"line":87,"column":4},"end":{"line":87,"column":30}},"58":{"start":{"line":89,"column":4},"end":{"line":104,"column":5}},"59":{"start":{"line":90,"column":6},"end":{"line":102,"column":7}},"60":{"start":{"line":92,"column":8},"end":{"line":92,"column":34}},"61":{"start":{"line":93,"column":8},"end":{"line":93,"column":103}},"62":{"start":{"line":94,"column":8},"end":{"line":98,"column":10}},"63":{"start":{"line":100,"column":8},"end":{"line":101,"column":78}},"64":{"start":{"line":103,"column":6},"end":{"line":103,"column":18}},"65":{"start":{"line":105,"column":4},"end":{"line":105,"column":83}},"66":{"start":{"line":106,"column":4},"end":{"line":106,"column":17}},"67":{"start":{"line":110,"column":4},"end":{"line":113,"column":5}},"68":{"start":{"line":111,"column":6},"end":{"line":111,"column":61}},"69":{"start":{"line":112,"column":6},"end":{"line":112,"column":19}},"70":{"start":{"line":115,"column":4},"end":{"line":115,"column":28}},"71":{"start":{"line":116,"column":4},"end":{"line":116,"column":29}},"72":{"start":{"line":117,"column":4},"end":{"line":117,"column":97}},"73":{"start":{"line":118,"column":4},"end":{"line":124,"column":5}},"74":{"start":{"line":119,"column":6},"end":{"line":121,"column":7}},"75":{"start":{"line":120,"column":8},"end":{"line":120,"column":32}},"76":{"start":{"line":123,"column":6},"end":{"line":123,"column":19}},"77":{"start":{"line":126,"column":4},"end":{"line":126,"column":39}},"78":{"start":{"line":128,"column":4},"end":{"line":128,"column":30}},"79":{"start":{"line":129,"column":4},"end":{"line":129,"column":37}},"80":{"start":{"line":130,"column":4},"end":{"line":130,"column":16}},"81":{"start":{"line":134,"column":4},"end":{"line":134,"column":70}},"82":{"start":{"line":136,"column":4},"end":{"line":136,"column":66}},"83":{"start":{"line":137,"column":4},"end":{"line":137,"column":29}},"84":{"start":{"line":138,"column":4},"end":{"line":168,"column":5}},"85":{"start":{"line":139,"column":6},"end":{"line":139,"column":30}},"86":{"start":{"line":140,"column":6},"end":{"line":149,"column":7}},"87":{"start":{"line":141,"column":8},"end":{"line":143,"column":9}},"88":{"start":{"line":142,"column":10},"end":{"line":142,"column":17}},"89":{"start":{"line":144,"column":8},"end":{"line":144,"column":34}},"90":{"start":{"line":145,"column":8},"end":{"line":145,"column":32}},"91":{"start":{"line":146,"column":8},"end":{"line":146,"column":43}},"92":{"start":{"line":147,"column":8},"end":{"line":147,"column":15}},"93":{"start":{"line":149,"column":8},"end":{"line":167,"column":7}},"94":{"start":{"line":150,"column":8},"end":{"line":152,"column":9}},"95":{"start":{"line":151,"column":10},"end":{"line":151,"column":17}},"96":{"start":{"line":154,"column":8},"end":{"line":158,"column":9}},"97":{"start":{"line":155,"column":10},"end":{"line":155,"column":45}},"98":{"start":{"line":156,"column":10},"end":{"line":156,"column":36}},"99":{"start":{"line":157,"column":10},"end":{"line":157,"column":26}},"100":{"start":{"line":160,"column":13},"end":{"line":167,"column":7}},"101":{"start":{"line":161,"column":8},"end":{"line":161,"column":34}},"102":{"start":{"line":162,"column":8},"end":{"line":162,"column":32}},"103":{"start":{"line":163,"column":8},"end":{"line":163,"column":43}},"104":{"start":{"line":166,"column":8},"end":{"line":166,"column":56}},"105":{"start":{"line":169,"column":4},"end":{"line":174,"column":5}},"106":{"start":{"line":170,"column":6},"end":{"line":170,"column":29}},"107":{"start":{"line":172,"column":6},"end":{"line":172,"column":31}},"108":{"start":{"line":173,"column":6},"end":{"line":173,"column":32}},"109":{"start":{"line":178,"column":4},"end":{"line":178,"column":45}},"110":{"start":{"line":179,"column":4},"end":{"line":179,"column":45}},"111":{"start":{"line":183,"column":4},"end":{"line":186,"column":5}},"112":{"start":{"line":184,"column":6},"end":{"line":184,"column":61}},"113":{"start":{"line":185,"column":6},"end":{"line":185,"column":19}},"114":{"start":{"line":188,"column":4},"end":{"line":188,"column":28}},"115":{"start":{"line":189,"column":4},"end":{"line":189,"column":29}},"116":{"start":{"line":190,"column":4},"end":{"line":190,"column":97}},"117":{"start":{"line":191,"column":4},"end":{"line":197,"column":5}},"118":{"start":{"line":192,"column":6},"end":{"line":194,"column":7}},"119":{"start":{"line":193,"column":8},"end":{"line":193,"column":64}},"120":{"start":{"line":196,"column":6},"end":{"line":196,"column":19}},"121":{"start":{"line":199,"column":4},"end":{"line":199,"column":39}},"122":{"start":{"line":201,"column":4},"end":{"line":201,"column":30}},"123":{"start":{"line":202,"column":4},"end":{"line":202,"column":37}},"124":{"start":{"line":203,"column":4},"end":{"line":203,"column":16}},"125":{"start":{"line":209,"column":4},"end":{"line":277,"column":5}},"126":{"start":{"line":210,"column":6},"end":{"line":210,"column":60}},"127":{"start":{"line":211,"column":6},"end":{"line":211,"column":37}},"128":{"start":{"line":212,"column":6},"end":{"line":212,"column":64}},"129":{"start":{"line":213,"column":6},"end":{"line":213,"column":65}},"130":{"start":{"line":215,"column":6},"end":{"line":219,"column":7}},"131":{"start":{"line":216,"column":8},"end":{"line":216,"column":31}},"132":{"start":{"line":217,"column":8},"end":{"line":217,"column":133}},"133":{"start":{"line":217,"column":51},"end":{"line":217,"column":94}},"134":{"start":{"line":217,"column":102},"end":{"line":217,"column":133}},"135":{"start":{"line":218,"column":8},"end":{"line":218,"column":24}},"136":{"start":{"line":220,"column":6},"end":{"line":222,"column":7}},"137":{"start":{"line":221,"column":8},"end":{"line":221,"column":31}},"138":{"start":{"line":223,"column":6},"end":{"line":236,"column":7}},"139":{"start":{"line":225,"column":8},"end":{"line":232,"column":9}},"140":{"start":{"line":226,"column":10},"end":{"line":226,"column":32}},"141":{"start":{"line":227,"column":10},"end":{"line":231,"column":11}},"142":{"start":{"line":228,"column":12},"end":{"line":228,"column":36}},"143":{"start":{"line":230,"column":12},"end":{"line":230,"column":37}},"144":{"start":{"line":233,"column":8},"end":{"line":233,"column":36}},"145":{"start":{"line":234,"column":8},"end":{"line":234,"column":43}},"146":{"start":{"line":235,"column":8},"end":{"line":235,"column":66}},"147":{"start":{"line":238,"column":6},"end":{"line":256,"column":7}},"148":{"start":{"line":239,"column":8},"end":{"line":242,"column":9}},"149":{"start":{"line":240,"column":10},"end":{"line":240,"column":63}},"150":{"start":{"line":241,"column":10},"end":{"line":241,"column":38}},"151":{"start":{"line":244,"column":8},"end":{"line":244,"column":79}},"152":{"start":{"line":246,"column":8},"end":{"line":246,"column":61}},"153":{"start":{"line":248,"column":8},"end":{"line":248,"column":66}},"154":{"start":{"line":249,"column":8},"end":{"line":249,"column":64}},"155":{"start":{"line":251,"column":8},"end":{"line":251,"column":62}},"156":{"start":{"line":253,"column":8},"end":{"line":253,"column":39}},"157":{"start":{"line":255,"column":8},"end":{"line":255,"column":85}},"158":{"start":{"line":257,"column":6},"end":{"line":260,"column":7}},"159":{"start":{"line":258,"column":8},"end":{"line":258,"column":31}},"160":{"start":{"line":259,"column":8},"end":{"line":259,"column":36}},"161":{"start":{"line":261,"column":6},"end":{"line":264,"column":7}},"162":{"start":{"line":262,"column":8},"end":{"line":262,"column":30}},"163":{"start":{"line":263,"column":8},"end":{"line":263,"column":36}},"164":{"start":{"line":267,"column":6},"end":{"line":270,"column":7}},"165":{"start":{"line":268,"column":8},"end":{"line":268,"column":52}},"166":{"start":{"line":269,"column":8},"end":{"line":269,"column":33}},"167":{"start":{"line":272,"column":6},"end":{"line":276,"column":7}},"168":{"start":{"line":273,"column":8},"end":{"line":273,"column":35}},"169":{"start":{"line":274,"column":8},"end":{"line":275,"column":66}},"170":{"start":{"line":284,"column":4},"end":{"line":284,"column":41}},"171":{"start":{"line":285,"column":4},"end":{"line":288,"column":5}},"172":{"start":{"line":286,"column":6},"end":{"line":286,"column":60}},"173":{"start":{"line":287,"column":6},"end":{"line":287,"column":19}},"174":{"start":{"line":289,"column":4},"end":{"line":316,"column":5}},"175":{"start":{"line":290,"column":6},"end":{"line":290,"column":37}},"176":{"start":{"line":291,"column":6},"end":{"line":291,"column":33}},"177":{"start":{"line":292,"column":6},"end":{"line":292,"column":37}},"178":{"start":{"line":293,"column":6},"end":{"line":293,"column":97}},"179":{"start":{"line":293,"column":69},"end":{"line":293,"column":95}},"180":{"start":{"line":294,"column":6},"end":{"line":294,"column":98}},"181":{"start":{"line":294,"column":70},"end":{"line":294,"column":96}},"182":{"start":{"line":295,"column":6},"end":{"line":296,"column":46}},"183":{"start":{"line":296,"col
[...]
,"/home/medazzo/Documents/EasySoftIn/github/fjplayer2/src/js/ui/fjplayer-tmpl.js": {"path":"/home/medazzo/Documents/EasySoftIn/github/fjplayer2/src/js/ui/fjplayer-tmpl.js","statementMap":{"0":{"start":{"line":1,"column":15},"end":{"line":1,"column":41}},"1":{"start":{"line":10,"column":4},"end":{"line":10,"column":35}},"2":{"start":{"line":11,"column":4},"end":{"line":11,"column":32}},"3":{"start":{"line":12,"column":4},"end":{"line":12,"column":32}},"4":{"start":{"line":13,"column":4},"end":{"line":13,"column":35}},"5":{"start":{"line":14,"column":4},"end":{"line":14,"column":33}},"6":{"start":{"line":15,"column":4},"end":{"line":15,"column":45}},"7":{"start":{"line":16,"column":4},"end":{"line":82,"column":23}},"8":{"start":{"line":89,"column":14},"end":{"line":89,"column":31}},"9":{"start":{"line":90,"column":18},"end":{"line":90,"column":82}},"10":{"start":{"line":91,"column":4},"end":{"line":91,"column":35}},"11":{"start":{"line":92,"column":4},"end":{"line":92,"column":27}},"12":{"start":{"line":100,"column":16},"end":{"line":100,"column":34}},"13":{"start":{"line":101,"column":14},"end":{"line":101,"column":25}},"14":{"start":{"line":102,"column":17},"end":{"line":102,"column":30}},"15":{"start":{"line":103,"column":16},"end":{"line":103,"column":18}},"16":{"start":{"line":106,"column":4},"end":{"line":115,"column":5}},"17":{"start":{"line":107,"column":6},"end":{"line":107,"column":30}},"18":{"start":{"line":108,"column":6},"end":{"line":111,"column":7}},"19":{"start":{"line":109,"column":8},"end":{"line":109,"column":45}},"20":{"start":{"line":110,"column":8},"end":{"line":110,"column":34}},"21":{"start":{"line":112,"column":6},"end":{"line":112,"column":26}},"22":{"start":{"line":113,"column":6},"end":{"line":113,"column":40}},"23":{"start":{"line":114,"column":6},"end":{"line":114,"column":29}},"24":{"start":{"line":117,"column":4},"end":{"line":119,"column":5}},"25":{"start":{"line":118,"column":6},"end":{"line":118,"column":20}},"26":{"start":{"line":120,"column":4},"end":{"line":120,"column":15}},"27":{"start":{"line":129,"column":19},"end":{"line":129,"column":21}},"28":{"start":{"line":130,"column":4},"end":{"line":130,"column":50}},"29":{"start":{"line":131,"column":12},"end":{"line":131,"column":13}},"30":{"start":{"line":132,"column":18},"end":{"line":132,"column":23}},"31":{"start":{"line":134,"column":15},"end":{"line":134,"column":17}},"32":{"start":{"line":135,"column":4},"end":{"line":155,"column":7}},"33":{"start":{"line":136,"column":6},"end":{"line":154,"column":7}},"34":{"start":{"line":137,"column":8},"end":{"line":137,"column":23}},"35":{"start":{"line":138,"column":13},"end":{"line":154,"column":7}},"36":{"start":{"line":139,"column":8},"end":{"line":139,"column":24}},"37":{"start":{"line":141,"column":8},"end":{"line":152,"column":9}},"38":{"start":{"line":142,"column":10},"end":{"line":142,"column":30}},"39":{"start":{"line":143,"column":10},"end":{"line":143,"column":39}},"40":{"start":{"line":145,"column":10},"end":{"line":149,"column":11}},"41":{"start":{"line":146,"column":12},"end":{"line":146,"column":37}},"42":{"start":{"line":148,"column":12},"end":{"line":148,"column":102}},"43":{"start":{"line":151,"column":10},"end":{"line":151,"column":36}},"44":{"start":{"line":153,"column":8},"end":{"line":153,"column":15}},"45":{"start":{"line":156,"column":4},"end":{"line":156,"column":27}},"46":{"start":{"line":157,"column":4},"end":{"line":157,"column":16}},"47":{"start":{"line":165,"column":20},"end":{"line":165,"column":57}},"48":{"start":{"line":166,"column":4},"end":{"line":166,"column":44}},"49":{"start":{"line":169,"column":0},"end":{"line":169,"column":32}}},"fnMap":{"0":{"name":"(anonymous_0)","decl":{"start":{"line":9,"column":2},"end":{"line":9,"column":3}},"loc":{"start":{"line":9,"column":16},"end":{"line":83,"column":3}},"line":9},"1":{"name":"(anonymous_1)","decl":{"start":{"line":88,"column":2},"end":{"line":88,"column":3}},"loc":{"start":{"line":88,"column":16},"end":{"line":93,"column":3}},"line":88},"2":{"name":"(anonymous_2)","decl":{"start":{"line":99,"column":2},"end":{"line":99,"column":3}},"loc":{"start":{"line":99,"column":33},"end":{"line":121,"column":3}},"line":99},"3":{"name":"(anonymous_3)","decl":{"start":{"line":128,"column":2},"end":{"line":128,"column":3}},"loc":{"start":{"line":128,"column":36},"end":{"line":158,"column":3}},"line":128},"4":{"name":"(anonymous_4)","decl":{"start":{"line":135,"column":36},"end":{"line":135,"column":37}},"loc":{"start":{"line":135,"column":43},"end":{"line":155,"column":5}},"line":135},"5":{"name":"(anonymous_5)","decl":{"start":{"line":164,"column":2},"end":{"line":164,"column":3}},"loc":{"start":{"line":164,"column":16},"end":{"line":167,"column":3}},"line":164}},"branchMap":{"0":{"loc":{"start":{"line":108,"column":6},"end":{"line":111,"column":7}},"type":"if","locations":[{"start":{"line":108,"column":6},"end":{"line":111,"column":7}},{"start":{"line":108,"column":6},"end":{"line":111,"column":7}}],"line":108},"1":{"loc":{"start":{"line":117,"column":4},"end":{"line":119,"column":5}},"type":"if","locations":[{"start":{"line":117,"column":4},"end":{"line":119,"column":5}},{"start":{"line":117,"column":4},"end":{"line":119,"column":5}}],"line":117},"2":{"loc":{"start":{"line":136,"column":6},"end":{"line":154,"column":7}},"type":"if","locations":[{"start":{"line":136,"column":6},"end":{"line":154,"column":7}},{"start":{"line":136,"column":6},"end":{"line":154,"column":7}}],"line":136},"3":{"loc":{"start":{"line":138,"column":13},"end":{"line":154,"column":7}},"type":"if","locations":[{"start":{"line":138,"column":13},"end":{"line":154,"column":7}},{"start":{"line":138,"column":13},"end":{"line":154,"column":7}}],"line":138},"4":{"loc":{"start":{"line":141,"column":8},"end":{"line":152,"column":9}},"type":"if","locations":[{"start":{"line":141,"column":8},"end":{"line":152,"column":9}},{"start":{"line":141,"column":8},"end":{"line":152,"column":9}}],"line":141},"5":{"loc":{"start":{"line":145,"column":10},"end":{"line":149,"column":11}},"type":"if","locations":[{"start":{"line":145,"column":10},"end":{"line":149,"column":11}},{"start":{"line":145,"column":10},"end":{"line":149,"column":11}}],"line":145}},"s":{"0":1,"1":5,"2":5,"3":5,"4":5,"5":5,"6":5,"7":5,"8":5,"9":5,"10":5,"11":5,"12":5,"13":5,"14":5,"15":5,"16":5,"17":330,"18":330,"19":330,"20":330,"21":330,"22":330,"23":330,"24":5,"25":5,"26":5,"27":5,"28":5,"29":5,"30":5,"31":5,"32":5,"33":665,"34":165,"35":500,"36":165,"37":335,"38":165,"39":165,"40":165,"41":165,"42":0,"43":170,"44":335,"45":5,"46":5,"47":5,"48":5,"49":1},"f":{"0":5,"1":5,"2":5,"3":5,"4":665,"5":5},"b":{"0":[330,0],"1":[5,0],"2":[165,500],"3":[165,335],"4":[165,170],"5":[165,0]},"inputSourceMap":null,"_coverageSchema":"1a1c01bbd47fc00a2c39e90264f33305004495a9","hash":"c9488e846209d2784ed76101f19057d97157330a"}
,"/home/medazzo/Documents/EasySoftIn/github/fjplayer2/src/js/utils/Eventing.js": {"path":"/home/medazzo/Documents/EasySoftIn/github/fjplayer2/src/js/utils/Eventing.js","statementMap":{"0":{"start":{"line":8,"column":4},"end":{"line":8,"column":21}},"1":{"start":{"line":15,"column":4},"end":{"line":19,"column":5}},"2":{"start":{"line":16,"column":6},"end":{"line":16,"column":38}},"3":{"start":{"line":18,"column":6},"end":{"line":18,"column":36}},"4":{"start":{"line":26,"column":16},"end":{"line":26,"column":18}},"5":{"start":{"line":29,"column":4},"end":{"line":31,"column":5}},"6":{"start":{"line":30,"column":6},"end":{"line":30,"column":13}},"7":{"start":{"line":32,"column":4},"end":{"line":32,"column":47}},"8":{"start":{"line":33,"column":4},"end":{"line":35,"column":5}},"9":{"start":{"line":34,"column":6},"end":{"line":34,"column":41}},"10":{"start":{"line":43,"column":4},"end":{"line":45,"column":5}},"11":{"start":{"line":44,"column":6},"end":{"line":44,"column":13}},"12":{"start":{"line":50,"column":16},"end":{"line":50,"column":33}},"13":{"start":{"line":51,"column":14},"end":{"line":51,"column":24}},"14":{"start":{"line":52,"column":4},"end":{"line":54,"column":5}},"15":{"start":{"line":53,"column":6},"end":{"line":53,"column":25}},"16":{"start":{"line":57,"column":0},"end":{"line":57,"column":26}}},"fnMap":{"0":{"name":"(anonymous_0)","decl":{"start":{"line":7,"column":2},"end":{"line":7,"column":3}},"loc":{"start":{"line":7,"column":16},"end":{"line":9,"column":3}},"line":7},"1":{"name":"(anonymous_1)","decl":{"start":{"line":14,"column":2},"end":{"line":14,"column":3}},"loc":{"start":{"line":14,"column":20},"end":{"line":20,"column":3}},"line":14},"2":{"name":"(anonymous_2)","decl":{"start":{"line":25,"column":2},"end":{"line":25,"column":3}},"loc":{"start":{"line":25,"column":21},"end":{"line":36,"column":3}},"line":25},"3":{"name":"(anonymous_3)","decl":{"start":{"line":41,"column":2},"end":{"line":41,"column":3}},"loc":{"start":{"line":41,"column":24},"end":{"line":55,"column":3}},"line":41}},"branchMap":{"0":{"loc":{"start":{"line":15,"column":4},"end":{"line":19,"column":5}},"type":"if","locations":[{"start":{"line":15,"column":4},"end":{"line":19,"column":5}},{"start":{"line":15,"column":4},"end":{"line":19,"column":5}}],"line":15},"1":{"loc":{"start":{"line":29,"column":4},"end":{"line":31,"column":5}},"type":"if","locations":[{"start":{"line":29,"column":4},"end":{"line":31,"column":5}},{"start":{"line":29,"column":4},"end":{"line":31,"column":5}}],"line":29},"2":{"loc":{"start":{"line":33,"column":4},"end":{"line":35,"column":5}},"type":"if","locations":[{"start":{"line":33,"column":4},"end":{"line":35,"column":5}},{"start":{"line":33,"column":4},"end":{"line":35,"column":5}}],"line":33},"3":{"loc":{"start":{"line":43,"column":4},"end":{"line":45,"column":5}},"type":"if","locations":[{"start":{"line":43,"column":4},"end":{"line":45,"column":5}},{"start":{"line":43,"column":4},"end":{"line":45,"column":5}}],"line":43}},"s":{"0":20,"1":60,"2":0,"3":60,"4":0,"5":0,"6":0,"7":0,"8":0,"9":0,"10":0,"11":0,"12":0,"13":0,"14":0,"15":0,"16":1},"f":{"0":20,"1":60,"2":0,"3":0},"b":{"0":[0,60],"1":[0,0],"2":[0,0],"3":[0,0]},"inputSourceMap":null,"_coverageSchema":"1a1c01bbd47fc00a2c39e90264f33305004495a9","hash":"6386ba103e2c873970c833f568088224f2d2d755"}
,"/home/medazzo/Documents/EasySoftIn/github/fjplayer2/src/js/utils/FjError.js": {"path":"/home/medazzo/Documents/EasySoftIn/github/fjplayer2/src/js/utils/FjError.js","statementMap":{"0":{"start":{"line":1,"column":15},"end":{"line":1,"column":34}},"1":{"start":{"line":2,"column":0},"end":{"line":2,"column":33}},"2":{"start":{"line":11,"column":4},"end":{"line":11,"column":35}},"3":{"start":{"line":12,"column":4},"end":{"line":12,"column":26}},"4":{"start":{"line":13,"column":4},"end":{"line":13,"column":26}},"5":{"start":{"line":14,"column":4},"end":{"line":14,"column":28}},"6":{"start":{"line":15,"column":4},"end":{"line":15,"column":34}},"7":{"start":{"line":16,"column":4},"end":{"line":16,"column":34}},"8":{"start":{"line":17,"column":4},"end":{"line":17,"column":32}},"9":{"start":{"line":19,"column":4},"end":{"line":19,"column":24}},"10":{"start":{"line":23,"column":13},"end":{"line":23,"column":28}},"11":{"start":{"line":24,"column":18},"end":{"line":24,"column":22}},"12":{"start":{"line":26,"column":4},"end":{"line":26,"column":60}},"13":{"start":{"line":28,"column":4},"end":{"line":28,"column":25}},"14":{"start":{"line":29,"column":4},"end":{"line":29,"column":33}},"15":{"start":{"line":30,"column":4},"end":{"line":30,"column":44}},"16":{"start":{"line":31,"column":4},"end":{"line":31,"column":30}},"17":{"start":{"line":33,"column":4},"end":{"line":35,"column":5}},"18":{"start":{"line":34,"column":6},"end":{"line":34,"column":62}},"19":{"start":{"line":36,"column":4},"end":{"line":36,"column":35}},"20":{"start":{"line":37,"column":4},"end":{"line":37,"column":45}},"21":{"start":{"line":38,"column":4},"end":{"line":38,"column":54}},"22":{"start":{"line":46,"column":4},"end":{"line":46,"column":51}},"23":{"start":{"line":47,"column":4},"end":{"line":49,"column":5}},"24":{"start":{"line":48,"column":6},"end":{"line":48,"column":62}},"25":{"start":{"line":50,"column":4},"end":{"line":50,"column":57}},"26":{"start":{"line":51,"column":4},"end":{"line":51,"column":59}},"27":{"start":{"line":52,"column":4},"end":{"line":56,"column":69}},"28":{"start":{"line":57,"column":4},"end":{"line":57,"column":50}},"29":{"start":{"line":58,"column":4},"end":{"line":62,"column":23}},"30":{"start":{"line":63,"column":4},"end":{"line":63,"column":84}},"31":{"start":{"line":63,"column":61},"end":{"line":63,"column":80}},"32":{"start":{"line":64,"column":4},"end":{"line":64,"column":56}},"33":{"start":{"line":65,"column":4},"end":{"line":65,"column":54}},"34":{"start":{"line":66,"column":4},"end":{"line":66,"column":48}},"35":{"start":{"line":67,"column":4},"end":{"line":67,"column":45}},"36":{"start":{"line":70,"column":0},"end":{"line":70,"column":25}}},"fnMap":{"0":{"name":"(anonymous_0)","decl":{"start":{"line":10,"column":2},"end":{"line":10,"column":3}},"loc":{"start":{"line":10,"column":48},"end":{"line":20,"column":3}},"line":10},"1":{"name":"(anonymous_1)","decl":{"start":{"line":22,"column":2},"end":{"line":22,"column":3}},"loc":{"start":{"line":22,"column":21},"end":{"line":39,"column":3}},"line":22},"2":{"name":"(anonymous_2)","decl":{"start":{"line":44,"column":2},"end":{"line":44,"column":3}},"loc":{"start":{"line":44,"column":17},"end":{"line":68,"column":3}},"line":44},"3":{"name":"(anonymous_3)","decl":{"start":{"line":63,"column":53},"end":{"line":63,"column":54}},"loc":{"start":{"line":63,"column":59},"end":{"line":63,"column":82}},"line":63}},"branchMap":{},"s":{"0":1,"1":1,"2":0,"3":0,"4":0,"5":0,"6":0,"7":0,"8":0,"9":0,"10":0,"11":0,"12":0,"13":0,"14":0,"15":0,"16":0,"17":0,"18":0,"19":0,"20":0,"21":0,"22":0,"23":0,"24":0,"25":0,"26":0,"27":0,"28":0,"29":0,"30":0,"31":0,"32":0,"33":0,"34":0,"35":0,"36":1},"f":{"0":0,"1":0,"2":0,"3":0},"b":{},"inputSourceMap":null,"_coverageSchema":"1a1c01bbd47fc00a2c39e90264f33305004495a9","hash":"616749c5a91f62f648428167209fbb6f54b3380a"}
,"/home/medazzo/Documents/EasySoftIn/github/fjplayer2/src/js/utils/Logger.js": {"path":"/home/medazzo/Documents/EasySoftIn/github/fjplayer2/src/js/utils/Logger.js","statementMap":{"0":{"start":{"line":7,"column":4},"end":{"line":7,"column":23}},"1":{"start":{"line":8,"column":4},"end":{"line":8,"column":20}},"2":{"start":{"line":9,"column":4},"end":{"line":16,"column":7}},"3":{"start":{"line":10,"column":6},"end":{"line":15,"column":7}},"4":{"start":{"line":11,"column":8},"end":{"line":14,"column":10}},"5":{"start":{"line":17,"column":4},"end":{"line":17,"column":22}},"6":{"start":{"line":21,"column":18},"end":{"line":21,"column":20}},"7":{"start":{"line":22,"column":4},"end":{"line":29,"column":7}},"8":{"start":{"line":23,"column":6},"end":{"line":28,"column":7}},"9":{"start":{"line":24,"column":8},"end":{"line":27,"column":10}},"10":{"start":{"line":30,"column":4},"end":{"line":30,"column":17}},"11":{"start":{"line":34,"column":0},"end":{"line":34,"column":24}}},"fnMap":{"0":{"name":"(anonymous_0)","decl":{"start":{"line":6,"column":2},"end":{"line":6,"column":3}},"loc":{"start":{"line":6,"column":21},"end":{"line":18,"column":3}},"line":6},"1":{"name":"(anonymous_1)","decl":{"start":{"line":9,"column":33},"end":{"line":9,"column":34}},"loc":{"start":{"line":9,"column":40},"end":{"line":16,"column":5}},"line":9},"2":{"name":"(anonymous_2)","decl":{"start":{"line":20,"column":2},"end":{"line":20,"column":3}},"loc":{"start":{"line":20,"column":18},"end":{"line":31,"column":3}},"line":20},"3":{"name":"(anonymous_3)","decl":{"start":{"line":22,"column":33},"end":{"line":22,"column":34}},"loc":{"start":{"line":22,"column":40},"end":{"line":29,"column":5}},"line":22}},"branchMap":{"0":{"loc":{"start":{"line":10,"column":6},"end":{"line":15,"column":7}},"type":"if","locations":[{"start":{"line":10,"column":6},"end":{"line":15,"column":7}},{"start":{"line":10,"column":6},"end":{"line":15,"column":7}}],"line":10},"1":{"loc":{"start":{"line":23,"column":6},"end":{"line":28,"column":7}},"type":"if","locations":[{"start":{"line":23,"column":6},"end":{"line":28,"column":7}},{"start":{"line":23,"column":6},"end":{"line":28,"column":7}}],"line":23}},"s":{"0":45,"1":45,"2":45,"3":1080,"4":900,"5":45,"6":2,"7":2,"8":48,"9":40,"10":2,"11":3},"f":{"0":45,"1":1080,"2":2,"3":48},"b":{"0":[900,180],"1":[40,8]},"inputSourceMap":null,"_coverageSchema":"1a1c01bbd47fc00a2c39e90264f33305004495a9","hash":"1f6f1ef583bb46b31676a833552c2e99357d037a"}
,"/home/medazzo/Documents/EasySoftIn/github/fjplayer2/src/js/utils/Utils.js": {"path":"/home/medazzo/Documents/EasySoftIn/github/fjplayer2/src/js/utils/Utils.js","statementMap":{"0":{"start":{"line":1,"column":15},"end":{"line":1,"column":34}},"1":{"start":{"line":5,"column":4},"end":{"line":5,"column":65}},"2":{"start":{"line":6,"column":19},"end":{"line":6,"column":44}},"3":{"start":{"line":7,"column":16},"end":{"line":7,"column":41}},"4":{"start":{"line":8,"column":18},"end":{"line":8,"column":60}},"5":{"start":{"line":9,"column":18},"end":{"line":9,"column":58}},"6":{"start":{"line":11,"column":4},"end":{"line":13,"column":5}},"7":{"start":{"line":12,"column":6},"end":{"line":12,"column":30}},"8":{"start":{"line":14,"column":4},"end":{"line":16,"column":5}},"9":{"start":{"line":15,"column":6},"end":{"line":15,"column":30}},"10":{"start":{"line":17,"column":4},"end":{"line":19,"column":5}},"11":{"start":{"line":18,"column":6},"end":{"line":18,"column":39}},"12":{"start":{"line":20,"column":4},"end":{"line":22,"column":5}},"13":{"start":{"line":21,"column":6},"end":{"line":21,"column":26}},"14":{"start":{"line":23,"column":4},"end":{"line":23,"column":46}},"15":{"start":{"line":27,"column":0},"end":{"line":27,"column":23}}},"fnMap":{"0":{"name":"(anonymous_0)","decl":{"start":{"line":4,"column":2},"end":{"line":4,"column":3}},"loc":{"start":{"line":4,"column":31},"end":{"line":24,"column":3}},"line":4}},"branchMap":{"0":{"loc":{"start":{"line":11,"column":4},"end":{"line":13,"column":5}},"type":"if","locations":[{"start":{"line":11,"column":4},"end":{"line":13,"column":5}},{"start":{"line":11,"column":4},"end":{"line":13,"column":5}}],"line":11},"1":{"loc":{"start":{"line":14,"column":4},"end":{"line":16,"column":5}},"type":"if","locations":[{"start":{"line":14,"column":4},"end":{"line":16,"column":5}},{"start":{"line":14,"column":4},"end":{"line":16,"column":5}}],"line":14},"2":{"loc":{"start":{"line":17,"column":4},"end":{"line":19,"column":5}},"type":"if","locations":[{"start":{"line":17,"column":4},"end":{"line":19,"column":5}},{"start":{"line":17,"column":4},"end":{"line":19,"column":5}}],"line":17},"3":{"loc":{"start":{"line":20,"column":4},"end":{"line":22,"column":5}},"type":"if","locations":[{"start":{"line":20,"column":4},"end":{"line":22,"column":5}},{"start":{"line":20,"column":4},"end":{"line":22,"column":5}}],"line":20}},"s":{"0":2,"1":2,"2":2,"3":2,"4":2,"5":2,"6":2,"7":2,"8":2,"9":2,"10":2,"11":0,"12":2,"13":2,"14":2,"15":2},"f":{"0":2},"b":{"0":[2,0],"1":[2,0],"2":[0,2],"3":[2,0]},"inputSourceMap":null,"_coverageSchema":"1a1c01bbd47fc00a2c39e90264f33305004495a9","hash":"9e88d9c7cbc97464e8f659dd238f623557d4edc6"}
}
