TN:
SF:src/Version.js
FN:9,(anonymous_0)
FN:17,(anonymous_1)
FNF:2
FNH:2
FNDA:1,(anonymous_0)
FNDA:1,(anonymous_1)
DA:1,1
DA:10,1
DA:18,1
DA:22,1
LF:4
LH:4
BRF:0
BRH:0
end_of_record
TN:
SF:src/index.js
FNF:0
FNH:0
DA:4,0
DA:5,0
DA:6,0
DA:7,0
DA:10,0
DA:12,0
DA:14,0
DA:15,0
DA:16,0
DA:19,0
DA:20,0
DA:21,0
DA:22,0
DA:23,0
DA:24,0
DA:26,0
LF:16
LH:0
BRDA:10,0,0,0
BRDA:10,0,1,0
BRDA:10,0,2,0
BRDA:14,1,0,0
BRDA:14,1,1,0
BRF:5
BRH:0
end_of_record
TN:
SF:src/js/defs/constants.js
FNF:0
FNH:0
DA:4,1
DA:5,1
DA:6,1
DA:7,1
DA:8,1
DA:9,1
DA:10,1
DA:11,1
DA:12,1
DA:13,1
DA:14,1
DA:15,1
DA:16,1
DA:17,1
DA:18,1
DA:19,1
DA:20,1
DA:21,1
DA:22,1
DA:24,1
DA:25,1
DA:26,1
DA:28,1
DA:29,1
DA:30,1
DA:31,1
DA:33,1
DA:34,1
DA:35,1
DA:37,1
DA:38,1
DA:39,1
DA:41,1
DA:42,1
DA:43,1
DA:45,1
DA:46,1
DA:47,1
DA:48,1
DA:54,1
DA:60,1
DA:72,1
DA:79,1
DA:87,1
LF:44
LH:44
BRF:0
BRH:0
end_of_record
TN:
SF:src/js/defs/isoLangs.js
FNF:0
FNH:0
DA:5,1
DA:736,1
LF:2
LH:2
BRF:0
BRH:0
end_of_record
TN:
SF:src/js/player/PlayerMedia.js
FN:13,(anonymous_0)
FN:45,(anonymous_1)
FN:71,(anonymous_2)
FN:78,(anonymous_3)
FN:85,(anonymous_4)
FN:96,(anonymous_5)
FN:107,(anonymous_6)
FN:118,(anonymous_7)
FN:129,(anonymous_8)
FN:140,(anonymous_9)
FN:151,(anonymous_10)
FN:162,(anonymous_11)
FN:170,(anonymous_12)
FN:183,(anonymous_13)
FN:205,(anonymous_14)
FN:216,(anonymous_15)
FN:227,(anonymous_16)
FN:241,(anonymous_17)
FN:259,(anonymous_18)
FN:270,(anonymous_19)
FN:282,(anonymous_20)
FN:297,(anonymous_21)
FN:308,(anonymous_22)
FN:319,(anonymous_23)
FN:330,(anonymous_24)
FN:334,(anonymous_25)
FN:338,(anonymous_26)
FN:342,(anonymous_27)
FN:347,(anonymous_28)
FN:351,(anonymous_29)
FN:356,(anonymous_30)
FN:367,(anonymous_31)
FN:371,(anonymous_32)
FN:375,(anonymous_33)
FN:389,(anonymous_34)
FN:417,(anonymous_35)
FN:451,(anonymous_36)
FN:473,(anonymous_37)
FN:525,(anonymous_38)
FN:551,(anonymous_39)
FN:552,(anonymous_40)
FN:553,(anonymous_41)
FN:554,(anonymous_42)
FN:555,(anonymous_43)
FN:556,(anonymous_44)
FN:557,(anonymous_45)
FN:558,(anonymous_46)
FN:563,(anonymous_47)
FN:573,(anonymous_48)
FN:586,(anonymous_49)
FN:587,(anonymous_50)
FN:588,(anonymous_51)
FN:589,(anonymous_52)
FN:590,(anonymous_53)
FN:591,(anonymous_54)
FN:592,(anonymous_55)
FN:593,(anonymous_56)
FN:595,(anonymous_57)
FN:596,(anonymous_58)
FN:597,(anonymous_59)
FN:598,(anonymous_60)
FN:599,(anonymous_61)
FN:600,(anonymous_62)
FN:601,(anonymous_63)
FN:602,(anonymous_64)
FN:603,(anonymous_65)
FN:604,(anonymous_66)
FN:605,(anonymous_67)
FN:606,(anonymous_68)
FN:607,(anonymous_69)
FN:629,(anonymous_70)
FN:657,(anonymous_71)
FNF:72
FNH:0
FNDA:0,(anonymous_0)
FNDA:0,(anonymous_1)
FNDA:0,(anonymous_2)
FNDA:0,(anonymous_3)
FNDA:0,(anonymous_4)
FNDA:0,(anonymous_5)
FNDA:0,(anonymous_6)
FNDA:0,(anonymous_7)
FNDA:0,(anonymous_8)
FNDA:0,(anonymous_9)
FNDA:0,(anonymous_10)
FNDA:0,(anonymous_11)
FNDA:0,(anonymous_12)
FNDA:0,(anonymous_13)
FNDA:0,(anonymous_14)
FNDA:0,(anonymous_15)
FNDA:0,(anonymous_16)
FNDA:0,(anonymous_17)
FNDA:0,(anonymous_18)
FNDA:0,(anonymous_19)
FNDA:0,(anonymous_20)
FNDA:0,(anonymous_21)
FNDA:0,(anonymous_22)
FNDA:0,(anonymous_23)
FNDA:0,(anonymous_24)
FNDA:0,(anonymous_25)
FNDA:0,(anonymous_26)
FNDA:0,(anonymous_27)
FNDA:0,(anonymous_28)
FNDA:0,(anonymous_29)
FNDA:0,(anonymous_30)
FNDA:0,(anonymous_31)
FNDA:0,(anonymous_32)
FNDA:0,(anonymous_33)
FNDA:0,(anonymous_34)
FNDA:0,(anonymous_35)
FNDA:0,(anonymous_36)
FNDA:0,(anonymous_37)
FNDA:0,(anonymous_38)
FNDA:0,(anonymous_39)
FNDA:0,(anonymous_40)
FNDA:0,(anonymous_41)
FNDA:0,(anonymous_42)
FNDA:0,(anonymous_43)
FNDA:0,(anonymous_44)
FNDA:0,(anonymous_45)
FNDA:0,(anonymous_46)
FNDA:0,(anonymous_47)
FNDA:0,(anonymous_48)
FNDA:0,(anonymous_49)
FNDA:0,(anonymous_50)
FNDA:0,(anonymous_51)
FNDA:0,(anonymous_52)
FNDA:0,(anonymous_53)
FNDA:0,(anonymous_54)
FNDA:0,(anonymous_55)
FNDA:0,(anonymous_56)
FNDA:0,(anonymous_57)
FNDA:0,(anonymous_58)
FNDA:0,(anonymous_59)
FNDA:0,(anonymous_60)
FNDA:0,(anonymous_61)
FNDA:0,(anonymous_62)
FNDA:0,(anonymous_63)
FNDA:0,(anonymous_64)
FNDA:0,(anonymous_65)
FNDA:0,(anonymous_66)
FNDA:0,(anonymous_67)
FNDA:0,(anonymous_68)
FNDA:0,(anonymous_69)
FNDA:0,(anonymous_70)
FNDA:0,(anonymous_71)
DA:1,0
DA:2,0
DA:3,0
DA:4,0
DA:5,0
DA:14,0
DA:15,0
DA:16,0
DA:17,0
DA:18,0
DA:19,0
DA:20,0
DA:21,0
DA:22,0
DA:23,0
DA:24,0
DA:25,0
DA:26,0
DA:27,0
DA:28,0
DA:47,0
DA:51,0
DA:53,0
DA:54,0
DA:57,0
DA:58,0
DA:59,0
DA:63,0
DA:64,0
DA:65,0
DA:72,0
DA:79,0
DA:86,0
DA:87,0
DA:89,0
DA:97,0
DA:98,0
DA:100,0
DA:101,0
DA:108,0
DA:109,0
DA:111,0
DA:112,0
DA:119,0
DA:120,0
DA:122,0
DA:123,0
DA:130,0
DA:131,0
DA:133,0
DA:134,0
DA:141,0
DA:142,0
DA:144,0
DA:152,0
DA:153,0
DA:155,0
DA:156,0
DA:163,0
DA:164,0
DA:166,0
DA:167,0
DA:171,0
DA:172,0
DA:173,0
DA:175,0
DA:176,0
DA:184,0
DA:185,0
DA:186,0
DA:187,0
DA:188,0
DA:189,0
DA:192,0
DA:193,0
DA:195,0
DA:200,0
DA:206,0
DA:207,0
DA:208,0
DA:210,0
DA:212,0
DA:213,0
DA:217,0
DA:218,0
DA:219,0
DA:221,0
DA:223,0
DA:224,0
DA:228,0
DA:229,0
DA:230,0
DA:232,0
DA:234,0
DA:235,0
DA:242,0
DA:243,0
DA:244,0
DA:245,0
DA:246,0
DA:247,0
DA:248,0
DA:250,0
DA:254,0
DA:260,0
DA:261,0
DA:262,0
DA:264,0
DA:266,0
DA:267,0
DA:271,0
DA:272,0
DA:273,0
DA:274,0
DA:276,0
DA:278,0
DA:279,0
DA:283,0
DA:284,0
DA:285,0
DA:286,0
DA:288,0
DA:290,0
DA:291,0
DA:298,0
DA:299,0
DA:301,0
DA:309,0
DA:310,0
DA:312,0
DA:320,0
DA:321,0
DA:323,0
DA:331,0
DA:335,0
DA:339,0
DA:343,0
DA:344,0
DA:348,0
DA:352,0
DA:353,0
DA:357,0
DA:358,0
DA:359,0
DA:361,0
DA:362,0
DA:364,0
DA:368,0
DA:372,0
DA:376,0
DA:377,0
DA:378,0
DA:380,0
DA:385,0
DA:386,0
DA:390,0
DA:391,0
DA:392,0
DA:393,0
DA:394,0
DA:395,0
DA:396,0
DA:398,0
DA:401,0
DA:404,0
DA:408,0
DA:410,0
DA:411,0
DA:413,0
DA:418,0
DA:419,0
DA:420,0
DA:421,0
DA:422,0
DA:423,0
DA:425,0
DA:426,0
DA:427,0
DA:428,0
DA:429,0
DA:430,0
DA:431,0
DA:432,0
DA:433,0
DA:434,0
DA:435,0
DA:436,0
DA:438,0
DA:439,0
DA:441,0
DA:443,0
DA:444,0
DA:447,0
DA:453,0
DA:455,0
DA:456,0
DA:457,0
DA:460,0
DA:462,0
DA:463,0
DA:467,0
DA:474,0
DA:475,0
DA:476,0
DA:477,0
DA:478,0
DA:481,0
DA:482,0
DA:483,0
DA:486,0
DA:487,0
DA:490,0
DA:492,0
DA:493,0
DA:494,0
DA:495,0
DA:496,0
DA:497,0
DA:498,0
DA:499,0
DA:500,0
DA:503,0
DA:504,0
DA:505,0
DA:506,0
DA:507,0
DA:508,0
DA:509,0
DA:510,0
DA:511,0
DA:512,0
DA:513,0
DA:514,0
DA:515,0
DA:516,0
DA:517,0
DA:519,0
DA:526,0
DA:527,0
DA:528,0
DA:529,0
DA:530,0
DA:531,0
DA:532,0
DA:533,0
DA:534,0
DA:535,0
DA:537,0
DA:539,0
DA:540,0
DA:541,0
DA:542,0
DA:543,0
DA:544,0
DA:546,0
DA:549,0
DA:551,0
DA:552,0
DA:553,0
DA:554,0
DA:555,0
DA:556,0
DA:557,0
DA:558,0
DA:560,0
DA:564,0
DA:565,0
DA:566,0
DA:574,0
DA:575,0
DA:576,0
DA:578,0
DA:579,0
DA:580,0
DA:581,0
DA:582,0
DA:586,0
DA:587,0
DA:588,0
DA:589,0
DA:590,0
DA:591,0
DA:592,0
DA:593,0
DA:595,0
DA:596,0
DA:597,0
DA:598,0
DA:599,0
DA:600,0
DA:601,0
DA:602,0
DA:603,0
DA:604,0
DA:605,0
DA:606,0
DA:607,0
DA:609,0
DA:610,0
DA:611,0
DA:612,0
DA:613,0
DA:615,0
DA:616,0
DA:617,0
DA:618,0
DA:625,0
DA:626,0
DA:629,0
DA:630,0
DA:632,0
DA:634,0
DA:635,0
DA:636,0
DA:640,0
DA:643,0
DA:644,0
DA:645,0
DA:646,0
DA:647,0
DA:648,0
DA:650,0
DA:653,0
DA:657,0
DA:659,0
DA:661,0
DA:665,0
LF:327
LH:0
BRDA:51,0,0,0
BRDA:51,0,1,0
BRDA:58,1,0,0
BRDA:58,1,1,0
BRDA:86,2,0,0
BRDA:86,2,1,0
BRDA:97,3,0,0
BRDA:97,3,1,0
BRDA:108,4,0,0
BRDA:108,4,1,0
BRDA:119,5,0,0
BRDA:119,5,1,0
BRDA:130,6,0,0
BRDA:130,6,1,0
BRDA:141,7,0,0
BRDA:141,7,1,0
BRDA:152,8,0,0
BRDA:152,8,1,0
BRDA:163,9,0,0
BRDA:163,9,1,0
BRDA:171,10,0,0
BRDA:171,10,1,0
BRDA:171,11,0,0
BRDA:171,11,1,0
BRDA:171,11,2,0
BRDA:186,12,0,0
BRDA:186,12,1,0
BRDA:187,13,0,0
BRDA:187,13,1,0
BRDA:189,14,0,0
BRDA:189,14,1,0
BRDA:189,15,0,0
BRDA:189,15,1,0
BRDA:189,15,2,0
BRDA:192,16,0,0
BRDA:192,16,1,0
BRDA:206,17,0,0
BRDA:206,17,1,0
BRDA:207,18,0,0
BRDA:207,18,1,0
BRDA:217,19,0,0
BRDA:217,19,1,0
BRDA:218,20,0,0
BRDA:218,20,1,0
BRDA:228,21,0,0
BRDA:228,21,1,0
BRDA:229,22,0,0
BRDA:229,22,1,0
BRDA:244,23,0,0
BRDA:244,23,1,0
BRDA:245,24,0,0
BRDA:245,24,1,0
BRDA:247,25,0,0
BRDA:247,25,1,0
BRDA:260,26,0,0
BRDA:260,26,1,0
BRDA:261,27,0,0
BRDA:261,27,1,0
BRDA:272,28,0,0
BRDA:272,28,1,0
BRDA:273,29,0,0
BRDA:273,29,1,0
BRDA:284,30,0,0
BRDA:284,30,1,0
BRDA:285,31,0,0
BRDA:285,31,1,0
BRDA:298,32,0,0
BRDA:298,32,1,0
BRDA:309,33,0,0
BRDA:309,33,1,0
BRDA:320,34,0,0
BRDA:320,34,1,0
BRDA:358,35,0,0
BRDA:358,35,1,0
BRDA:377,36,0,0
BRDA:377,36,1,0
BRDA:391,37,0,0
BRDA:391,37,1,0
BRDA:393,38,0,0
BRDA:393,38,1,0
BRDA:398,39,0,0
BRDA:398,39,1,0
BRDA:398,40,0,0
BRDA:398,40,1,0
BRDA:410,41,0,0
BRDA:410,41,1,0
BRDA:410,42,0,0
BRDA:410,42,1,0
BRDA:425,43,0,0
BRDA:425,43,1,0
BRDA:425,44,0,0
BRDA:425,44,1,0
BRDA:435,45,0,0
BRDA:435,45,1,0
BRDA:438,46,0,0
BRDA:438,46,1,0
BRDA:455,47,0,0
BRDA:455,47,1,0
BRDA:456,48,0,0
BRDA:456,48,1,0
BRDA:462,49,0,0
BRDA:462,49,1,0
BRDA:462,50,0,0
BRDA:462,50,1,0
BRDA:476,51,0,0
BRDA:476,51,1,0
BRDA:492,52,0,0
BRDA:492,52,1,0
BRDA:534,53,0,0
BRDA:534,53,1,0
BRDA:534,54,0,0
BRDA:534,54,1,0
BRDA:534,54,2,0
BRDA:539,55,0,0
BRDA:539,55,1,0
BRDA:539,56,0,0
BRDA:539,56,1,0
BRDA:564,57,0,0
BRDA:564,57,1,0
BRDA:575,58,0,0
BRDA:575,58,1,0
BRDA:575,59,0,0
BRDA:575,59,1,0
BRDA:575,59,2,0
BRDA:581,60,0,0
BRDA:581,60,1,0
BRDA:610,61,0,0
BRDA:610,61,1,0
BRDA:610,62,0,0
BRDA:610,62,1,0
BRDA:630,63,0,0
BRDA:630,63,1,0
BRDA:630,64,0,0
BRDA:630,64,1,0
BRDA:634,65,0,0
BRDA:634,65,1,0
BRDA:643,66,0,0
BRDA:643,66,1,0
BRDA:643,67,0,0
BRDA:643,67,1,0
BRF:140
BRH:0
end_of_record
TN:
SF:src/js/player/player.js
FN:13,(anonymous_0)
FN:39,(anonymous_1)
FN:59,(anonymous_2)
FN:109,(anonymous_3)
FN:133,(anonymous_4)
FN:177,(anonymous_5)
FN:182,(anonymous_6)
FN:206,(anonymous_7)
FN:283,(anonymous_8)
FN:293,(anonymous_9)
FN:294,(anonymous_10)
FN:296,(anonymous_11)
FN:297,(anonymous_12)
FN:298,(anonymous_13)
FN:299,(anonymous_14)
FN:300,(anonymous_15)
FN:302,(anonymous_16)
FN:304,(anonymous_17)
FN:306,(anonymous_18)
FN:307,(anonymous_19)
FN:308,(anonymous_20)
FN:325,(anonymous_21)
FN:334,(anonymous_22)
FN:383,(anonymous_23)
FN:387,(anonymous_24)
FN:392,(anonymous_25)
FN:400,(anonymous_26)
FN:405,(anonymous_27)
FN:409,(anonymous_28)
FN:413,(anonymous_29)
FN:417,(anonymous_30)
FN:424,(anonymous_31)
FN:431,(anonymous_32)
FNF:33
FNH:0
FNDA:0,(anonymous_0)
FNDA:0,(anonymous_1)
FNDA:0,(anonymous_2)
FNDA:0,(anonymous_3)
FNDA:0,(anonymous_4)
FNDA:0,(anonymous_5)
FNDA:0,(anonymous_6)
FNDA:0,(anonymous_7)
FNDA:0,(anonymous_8)
FNDA:0,(anonymous_9)
FNDA:0,(anonymous_10)
FNDA:0,(anonymous_11)
FNDA:0,(anonymous_12)
FNDA:0,(anonymous_13)
FNDA:0,(anonymous_14)
FNDA:0,(anonymous_15)
FNDA:0,(anonymous_16)
FNDA:0,(anonymous_17)
FNDA:0,(anonymous_18)
FNDA:0,(anonymous_19)
FNDA:0,(anonymous_20)
FNDA:0,(anonymous_21)
FNDA:0,(anonymous_22)
FNDA:0,(anonymous_23)
FNDA:0,(anonymous_24)
FNDA:0,(anonymous_25)
FNDA:0,(anonymous_26)
FNDA:0,(anonymous_27)
FNDA:0,(anonymous_28)
FNDA:0,(anonymous_29)
FNDA:0,(anonymous_30)
FNDA:0,(anonymous_31)
FNDA:0,(anonymous_32)
DA:1,0
DA:2,0
DA:3,0
DA:4,0
DA:5,0
DA:6,0
DA:7,0
DA:8,0
DA:14,0
DA:15,0
DA:16,0
DA:17,0
DA:18,0
DA:19,0
DA:20,0
DA:21,0
DA:22,0
DA:24,0
DA:25,0
DA:26,0
DA:27,0
DA:28,0
DA:29,0
DA:30,0
DA:31,0
DA:32,0
DA:33,0
DA:40,0
DA:41,0
DA:42,0
DA:43,0
DA:44,0
DA:45,0
DA:47,0
DA:48,0
DA:50,0
DA:51,0
DA:53,0
DA:54,0
DA:56,0
DA:60,0
DA:61,0
DA:62,0
DA:63,0
DA:65,0
DA:66,0
DA:67,0
DA:68,0
DA:70,0
DA:71,0
DA:72,0
DA:74,0
DA:77,0
DA:79,0
DA:81,0
DA:83,0
DA:85,0
DA:87,0
DA:89,0
DA:90,0
DA:92,0
DA:93,0
DA:94,0
DA:100,0
DA:103,0
DA:105,0
DA:106,0
DA:110,0
DA:111,0
DA:112,0
DA:115,0
DA:116,0
DA:117,0
DA:118,0
DA:119,0
DA:120,0
DA:123,0
DA:126,0
DA:128,0
DA:129,0
DA:130,0
DA:134,0
DA:136,0
DA:137,0
DA:138,0
DA:139,0
DA:140,0
DA:141,0
DA:142,0
DA:144,0
DA:145,0
DA:146,0
DA:147,0
DA:149,0
DA:150,0
DA:151,0
DA:154,0
DA:155,0
DA:156,0
DA:157,0
DA:160,0
DA:161,0
DA:162,0
DA:163,0
DA:166,0
DA:169,0
DA:170,0
DA:172,0
DA:173,0
DA:178,0
DA:179,0
DA:183,0
DA:184,0
DA:185,0
DA:188,0
DA:189,0
DA:190,0
DA:191,0
DA:192,0
DA:193,0
DA:196,0
DA:199,0
DA:201,0
DA:202,0
DA:203,0
DA:209,0
DA:210,0
DA:211,0
DA:212,0
DA:213,0
DA:215,0
DA:216,0
DA:217,0
DA:218,0
DA:220,0
DA:221,0
DA:223,0
DA:225,0
DA:226,0
DA:227,0
DA:228,0
DA:230,0
DA:233,0
DA:234,0
DA:235,0
DA:238,0
DA:239,0
DA:240,0
DA:241,0
DA:244,0
DA:246,0
DA:248,0
DA:249,0
DA:251,0
DA:253,0
DA:255,0
DA:257,0
DA:258,0
DA:259,0
DA:261,0
DA:262,0
DA:263,0
DA:267,0
DA:268,0
DA:269,0
DA:272,0
DA:273,0
DA:274,0
DA:284,0
DA:285,0
DA:286,0
DA:287,0
DA:289,0
DA:290,0
DA:291,0
DA:292,0
DA:293,0
DA:294,0
DA:295,0
DA:296,0
DA:297,0
DA:298,0
DA:299,0
DA:300,0
DA:301,0
DA:302,0
DA:303,0
DA:304,0
DA:306,0
DA:307,0
DA:308,0
DA:310,0
DA:311,0
DA:314,0
DA:315,0
DA:317,0
DA:318,0
DA:319,0
DA:326,0
DA:327,0
DA:328,0
DA:330,0
DA:331,0
DA:335,0
DA:336,0
DA:337,0
DA:339,0
DA:340,0
DA:341,0
DA:342,0
DA:344,0
DA:345,0
DA:346,0
DA:348,0
DA:350,0
DA:351,0
DA:353,0
DA:355,0
DA:357,0
DA:359,0
DA:361,0
DA:363,0
DA:364,0
DA:366,0
DA:367,0
DA:374,0
DA:377,0
DA:379,0
DA:380,0
DA:384,0
DA:388,0
DA:389,0
DA:393,0
DA:394,0
DA:395,0
DA:397,0
DA:401,0
DA:402,0
DA:406,0
DA:410,0
DA:414,0
DA:418,0
DA:425,0
DA:432,0
DA:435,0
LF:245
LH:0
BRDA:44,0,0,0
BRDA:44,0,1,0
BRDA:47,1,0,0
BRDA:47,1,1,0
BRDA:50,2,0,0
BRDA:50,2,1,0
BRDA:53,3,0,0
BRDA:53,3,1,0
BRDA:62,4,0,0
BRDA:62,4,1,0
BRDA:66,5,0,0
BRDA:66,5,1,0
BRDA:71,6,0,0
BRDA:71,6,1,0
BRDA:89,7,0,0
BRDA:89,7,1,0
BRDA:89,8,0,0
BRDA:89,8,1,0
BRDA:90,9,0,0
BRDA:90,9,1,0
BRDA:110,10,0,0
BRDA:110,10,1,0
BRDA:118,11,0,0
BRDA:118,11,1,0
BRDA:119,12,0,0
BRDA:119,12,1,0
BRDA:138,13,0,0
BRDA:138,13,1,0
BRDA:140,14,0,0
BRDA:140,14,1,0
BRDA:141,15,0,0
BRDA:141,15,1,0
BRDA:149,16,0,0
BRDA:149,16,1,0
BRDA:150,17,0,0
BRDA:150,17,1,0
BRDA:154,18,0,0
BRDA:154,18,1,0
BRDA:160,19,0,0
BRDA:160,19,1,0
BRDA:169,20,0,0
BRDA:169,20,1,0
BRDA:183,21,0,0
BRDA:183,21,1,0
BRDA:191,22,0,0
BRDA:191,22,1,0
BRDA:192,23,0,0
BRDA:192,23,1,0
BRDA:209,24,0,0
BRDA:209,24,1,0
BRDA:215,25,0,0
BRDA:215,25,1,0
BRDA:217,26,0,0
BRDA:217,26,1,0
BRDA:217,27,0,0
BRDA:217,27,1,0
BRDA:220,28,0,0
BRDA:220,28,1,0
BRDA:223,29,0,0
BRDA:223,29,1,0
BRDA:225,30,0,0
BRDA:225,30,1,0
BRDA:227,31,0,0
BRDA:227,31,1,0
BRDA:238,32,0,0
BRDA:238,32,1,0
BRDA:239,33,0,0
BRDA:239,33,1,0
BRDA:257,34,0,0
BRDA:257,34,1,0
BRDA:261,35,0,0
BRDA:261,35,1,0
BRDA:267,36,0,0
BRDA:267,36,1,0
BRDA:272,37,0,0
BRDA:272,37,1,0
BRDA:285,38,0,0
BRDA:285,38,1,0
BRDA:289,39,0,0
BRDA:289,39,1,0
BRDA:327,40,0,0
BRDA:327,40,1,0
BRDA:336,41,0,0
BRDA:336,41,1,0
BRDA:340,42,0,0
BRDA:340,42,1,0
BRDA:345,43,0,0
BRDA:345,43,1,0
BRDA:363,44,0,0
BRDA:363,44,1,0
BRDA:363,45,0,0
BRDA:363,45,1,0
BRDA:364,46,0,0
BRDA:364,46,1,0
BRDA:394,47,0,0
BRDA:394,47,1,0
BRF:96
BRH:0
end_of_record
TN:
SF:src/js/player/playlist.js
FN:11,(anonymous_0)
FN:19,(anonymous_1)
FN:26,(anonymous_2)
FN:36,(anonymous_3)
FN:50,(anonymous_4)
FN:87,(anonymous_5)
FN:136,(anonymous_6)
FN:166,(anonymous_7)
FN:207,(anonymous_8)
FN:291,(anonymous_9)
FN:305,(anonymous_10)
FN:320,(anonymous_11)
FN:335,(anonymous_12)
FN:354,(anonymous_13)
FN:373,(anonymous_14)
FN:392,(anonymous_15)
FNF:16
FNH:16
FNDA:1,(anonymous_0)
FNDA:1,(anonymous_1)
FNDA:2,(anonymous_2)
FNDA:3,(anonymous_3)
FNDA:19,(anonymous_4)
FNDA:23,(anonymous_5)
FNDA:19,(anonymous_6)
FNDA:32,(anonymous_7)
FNDA:36,(anonymous_8)
FNDA:9,(anonymous_9)
FNDA:6,(anonymous_10)
FNDA:3,(anonymous_11)
FNDA:4,(anonymous_12)
FNDA:4,(anonymous_13)
FNDA:4,(anonymous_14)
FNDA:4,(anonymous_15)
DA:1,1
DA:2,1
DA:3,1
DA:12,1
DA:13,1
DA:20,1
DA:27,2
DA:28,2
DA:29,2
DA:30,2
DA:37,3
DA:38,3
DA:39,1
DA:41,2
DA:43,2
DA:52,19
DA:53,2
DA:55,17
DA:56,13
DA:57,13
DA:59,13
DA:60,1
DA:61,1
DA:64,4
DA:65,4
DA:67,12
DA:68,9
DA:71,3
DA:72,3
DA:74,9
DA:75,5
DA:78,4
DA:79,4
DA:81,5
DA:88,23
DA:89,23
DA:90,2
DA:92,21
DA:93,21
DA:94,16
DA:96,5
DA:97,5
DA:99,16
DA:100,16
DA:101,13
DA:103,3
DA:104,3
DA:106,13
DA:107,13
DA:108,10
DA:109,9
DA:111,1
DA:112,1
DA:115,3
DA:116,3
DA:118,9
DA:119,9
DA:120,6
DA:121,5
DA:123,1
DA:124,1
DA:127,3
DA:128,3
DA:130,5
DA:137,19
DA:138,19
DA:139,2
DA:141,17
DA:143,17
DA:144,17
DA:145,17
DA:146,11
DA:148,6
DA:149,6
DA:152,11
DA:153,11
DA:154,11
DA:155,8
DA:157,3
DA:158,3
DA:160,8
DA:167,32
DA:168,2
DA:170,30
DA:171,4
DA:172,4
DA:174,26
DA:175,6
DA:176,6
DA:178,20
DA:179,4
DA:180,4
DA:182,16
DA:185,1
DA:186,1
DA:188,15
DA:189,12
DA:191,3
DA:192,3
DA:194,12
DA:196,5
DA:197,5
DA:199,7
DA:201,12
DA:208,36
DA:209,36
DA:213,36
DA:214,2
DA:215,2
DA:218,34
DA:219,34
DA:220,4
DA:221,4
DA:223,30
DA:224,30
DA:225,4
DA:226,4
DA:228,26
DA:229,26
DA:231,3
DA:232,3
DA:234,23
DA:235,23
DA:237,3
DA:238,3
DA:240,20
DA:241,20
DA:242,20
DA:243,20
DA:244,20
DA:245,20
DA:248,20
DA:249,20
DA:250,3
DA:251,8
DA:252,8
DA:253,2
DA:258,18
DA:259,18
DA:260,1
DA:261,1
DA:265,17
DA:266,17
DA:267,2
DA:268,4
DA:269,4
DA:270,1
DA:275,16
DA:276,16
DA:277,2
DA:278,4
DA:279,4
DA:280,1
DA:285,15
DA:292,9
DA:293,8
DA:294,8
DA:295,8
DA:297,1
DA:298,1
DA:306,6
DA:307,6
DA:308,1
DA:309,1
DA:311,5
DA:312,5
DA:313,5
DA:321,3
DA:322,3
DA:323,1
DA:324,1
DA:326,2
DA:327,2
DA:328,2
DA:336,4
DA:337,4
DA:338,2
DA:339,2
DA:340,1
DA:342,1
DA:343,1
DA:344,1
DA:346,1
DA:347,1
DA:355,4
DA:356,4
DA:357,2
DA:358,2
DA:359,1
DA:361,1
DA:362,1
DA:363,1
DA:365,1
DA:366,1
DA:374,4
DA:375,4
DA:376,2
DA:377,2
DA:378,1
DA:380,1
DA:381,1
DA:382,1
DA:384,1
DA:385,1
DA:393,4
DA:394,4
DA:395,2
DA:396,2
DA:397,1
DA:399,1
DA:400,1
DA:401,1
DA:403,1
DA:404,1
DA:408,1
LF:215
LH:215
BRDA:38,0,0,1
BRDA:38,0,1,2
BRDA:52,1,0,2
BRDA:52,1,1,17
BRDA:52,2,0,19
BRDA:52,2,1,18
BRDA:55,3,0,13
BRDA:55,3,1,4
BRDA:59,4,0,1
BRDA:59,4,1,12
BRDA:59,5,0,13
BRDA:59,5,1,13
BRDA:67,6,0,9
BRDA:67,6,1,3
BRDA:74,7,0,5
BRDA:74,7,1,4
BRDA:89,8,0,2
BRDA:89,8,1,21
BRDA:89,9,0,23
BRDA:89,9,1,22
BRDA:93,10,0,16
BRDA:93,10,1,5
BRDA:93,11,0,21
BRDA:93,11,1,17
BRDA:93,11,2,17
BRDA:100,12,0,13
BRDA:100,12,1,3
BRDA:100,13,0,16
BRDA:100,13,1,14
BRDA:100,13,2,14
BRDA:107,14,0,10
BRDA:107,14,1,3
BRDA:107,15,0,13
BRDA:107,15,1,11
BRDA:107,15,2,10
BRDA:108,16,0,9
BRDA:108,16,1,1
BRDA:119,17,0,6
BRDA:119,17,1,3
BRDA:119,18,0,9
BRDA:119,18,1,7
BRDA:119,18,2,6
BRDA:120,19,0,5
BRDA:120,19,1,1
BRDA:138,20,0,2
BRDA:138,20,1,17
BRDA:138,21,0,19
BRDA:138,21,1,18
BRDA:145,22,0,11
BRDA:145,22,1,6
BRDA:145,23,0,17
BRDA:145,23,1,13
BRDA:145,23,2,13
BRDA:154,24,0,8
BRDA:154,24,1,3
BRDA:154,25,0,11
BRDA:154,25,1,9
BRDA:154,25,2,9
BRDA:167,26,0,2
BRDA:167,26,1,30
BRDA:167,27,0,32
BRDA:167,27,1,31
BRDA:170,28,0,4
BRDA:170,28,1,26
BRDA:174,29,0,6
BRDA:174,29,1,20
BRDA:178,30,0,4
BRDA:178,30,1,16
BRDA:182,31,0,1
BRDA:182,31,1,15
BRDA:182,32,0,16
BRDA:182,32,1,3
BRDA:182,32,2,3
BRDA:188,33,0,12
BRDA:188,33,1,3
BRDA:188,34,0,15
BRDA:188,34,1,13
BRDA:188,34,2,13
BRDA:194,35,0,5
BRDA:194,35,1,7
BRDA:194,36,0,12
BRDA:194,36,1,12
BRDA:194,36,2,6
BRDA:194,36,3,6
BRDA:213,37,0,2
BRDA:213,37,1,34
BRDA:213,38,0,36
BRDA:213,38,1,35
BRDA:219,39,0,4
BRDA:219,39,1,30
BRDA:224,40,0,4
BRDA:224,40,1,26
BRDA:229,41,0,3
BRDA:229,41,1,23
BRDA:229,42,0,26
BRDA:229,42,1,24
BRDA:229,42,2,24
BRDA:229,42,3,23
BRDA:235,43,0,3
BRDA:235,43,1,20
BRDA:235,44,0,23
BRDA:235,44,1,21
BRDA:235,44,2,21
BRDA:235,44,3,20
BRDA:249,45,0,3
BRDA:249,45,1,17
BRDA:249,46,0,20
BRDA:249,46,1,20
BRDA:249,46,2,3
BRDA:252,47,0,2
BRDA:252,47,1,6
BRDA:259,48,0,1
BRDA:259,48,1,17
BRDA:259,49,0,18
BRDA:259,49,1,18
BRDA:260,50,0,1
BRDA:260,50,1,0
BRDA:266,51,0,2
BRDA:266,51,1,15
BRDA:266,52,0,17
BRDA:266,52,1,17
BRDA:266,52,2,2
BRDA:269,53,0,1
BRDA:269,53,1,3
BRDA:276,54,0,2
BRDA:276,54,1,14
BRDA:276,55,0,16
BRDA:276,55,1,16
BRDA:276,55,2,2
BRDA:279,56,0,1
BRDA:279,56,1,3
BRDA:292,57,0,8
BRDA:292,57,1,1
BRDA:307,58,0,1
BRDA:307,58,1,5
BRDA:307,59,0,6
BRDA:307,59,1,5
BRDA:322,60,0,1
BRDA:322,60,1,2
BRDA:337,61,0,2
BRDA:337,61,1,2
BRDA:339,62,0,1
BRDA:339,62,1,1
BRDA:343,63,0,1
BRDA:343,63,1,0
BRDA:343,64,0,1
BRDA:343,64,1,0
BRDA:356,65,0,2
BRDA:356,65,1,2
BRDA:358,66,0,1
BRDA:358,66,1,1
BRDA:362,67,0,1
BRDA:362,67,1,0
BRDA:362,68,0,1
BRDA:362,68,1,0
BRDA:375,69,0,2
BRDA:375,69,1,2
BRDA:377,70,0,1
BRDA:377,70,1,1
BRDA:381,71,0,1
BRDA:381,71,1,0
BRDA:381,72,0,1
BRDA:381,72,1,0
BRDA:394,73,0,2
BRDA:394,73,1,2
BRDA:396,74,0,1
BRDA:396,74,1,1
BRDA:400,75,0,1
BRDA:400,75,1,0
BRDA:400,76,0,1
BRDA:400,76,1,0
BRF:171
BRH:162
end_of_record
TN:
SF:src/js/stats/FjseAuthz.js
FN:10,(anonymous_0)
FN:20,(anonymous_1)
FN:26,(anonymous_2)
FN:36,(anonymous_3)
FNF:4
FNH:0
FNDA:0,(anonymous_0)
FNDA:0,(anonymous_1)
FNDA:0,(anonymous_2)
FNDA:0,(anonymous_3)
DA:1,0
DA:2,0
DA:11,0
DA:12,0
DA:13,0
DA:14,0
DA:22,0
DA:27,0
DA:28,0
DA:30,0
DA:38,0
DA:41,0
LF:12
LH:0
BRDA:27,0,0,0
BRDA:27,0,1,0
BRDA:27,1,0,0
BRDA:27,1,1,0
BRF:4
BRH:0
end_of_record
TN:
SF:src/js/stats/FjseStats.js
FN:9,FjseStats
FN:18,AuthorizePlayer
FN:24,(anonymous_2)
FNF:3
FNH:0
FNDA:0,FjseStats
FNDA:0,AuthorizePlayer
FNDA:0,(anonymous_2)
DA:3,0
DA:10,0
DA:11,0
DA:12,0
DA:13,0
DA:14,0
DA:20,0
DA:25,0
DA:26,0
DA:28,0
DA:38,0
LF:11
LH:0
BRDA:25,0,0,0
BRDA:25,0,1,0
BRDA:25,1,0,0
BRDA:25,1,1,0
BRF:4
BRH:0
end_of_record
TN:
SF:src/js/ui/AdsManager.js
FN:13,(anonymous_0)
FN:31,(anonymous_1)
FN:62,(anonymous_2)
FN:112,(anonymous_3)
FN:117,(anonymous_4)
FN:130,(anonymous_5)
FN:135,(anonymous_6)
FN:144,(anonymous_7)
FN:172,(anonymous_8)
FN:199,(anonymous_9)
FN:222,(anonymous_10)
FN:226,(anonymous_11)
FN:268,(anonymous_12)
FN:275,(anonymous_13)
FNF:14
FNH:0
FNDA:0,(anonymous_0)
FNDA:0,(anonymous_1)
FNDA:0,(anonymous_2)
FNDA:0,(anonymous_3)
FNDA:0,(anonymous_4)
FNDA:0,(anonymous_5)
FNDA:0,(anonymous_6)
FNDA:0,(anonymous_7)
FNDA:0,(anonymous_8)
FNDA:0,(anonymous_9)
FNDA:0,(anonymous_10)
FNDA:0,(anonymous_11)
FNDA:0,(anonymous_12)
FNDA:0,(anonymous_13)
DA:1,0
DA:2,0
DA:3,0
DA:4,0
DA:14,0
DA:15,0
DA:16,0
DA:17,0
DA:18,0
DA:19,0
DA:20,0
DA:21,0
DA:22,0
DA:23,0
DA:32,0
DA:33,0
DA:34,0
DA:35,0
DA:36,0
DA:37,0
DA:39,0
DA:40,0
DA:41,0
DA:42,0
DA:44,0
DA:46,0
DA:49,0
DA:50,0
DA:51,0
DA:52,0
DA:54,0
DA:55,0
DA:57,0
DA:58,0
DA:59,0
DA:63,0
DA:64,0
DA:65,0
DA:66,0
DA:67,0
DA:68,0
DA:69,0
DA:70,0
DA:71,0
DA:73,0
DA:74,0
DA:75,0
DA:76,0
DA:77,0
DA:78,0
DA:79,0
DA:82,0
DA:83,0
DA:85,0
DA:87,0
DA:89,0
DA:90,0
DA:91,0
DA:93,0
DA:94,0
DA:95,0
DA:96,0
DA:99,0
DA:100,0
DA:101,0
DA:102,0
DA:103,0
DA:104,0
DA:105,0
DA:106,0
DA:107,0
DA:108,0
DA:109,0
DA:110,0
DA:112,0
DA:113,0
DA:114,0
DA:115,0
DA:116,0
DA:117,0
DA:118,0
DA:120,0
DA:123,0
DA:126,0
DA:130,0
DA:131,0
DA:132,0
DA:133,0
DA:135,0
DA:136,0
DA:145,0
DA:146,0
DA:147,0
DA:148,0
DA:149,0
DA:151,0
DA:152,0
DA:153,0
DA:154,0
DA:155,0
DA:156,0
DA:157,0
DA:158,0
DA:159,0
DA:161,0
DA:173,0
DA:174,0
DA:175,0
DA:176,0
DA:177,0
DA:178,0
DA:180,0
DA:181,0
DA:182,0
DA:183,0
DA:184,0
DA:185,0
DA:186,0
DA:187,0
DA:189,0
DA:192,0
DA:200,0
DA:201,0
DA:202,0
DA:203,0
DA:204,0
DA:205,0
DA:207,0
DA:208,0
DA:209,0
DA:210,0
DA:211,0
DA:212,0
DA:213,0
DA:214,0
DA:216,0
DA:219,0
DA:223,0
DA:227,0
DA:231,0
DA:232,0
DA:233,0
DA:235,0
DA:236,0
DA:237,0
DA:238,0
DA:239,0
DA:240,0
DA:241,0
DA:242,0
DA:243,0
DA:244,0
DA:245,0
DA:246,0
DA:247,0
DA:248,0
DA:249,0
DA:250,0
DA:252,0
DA:253,0
DA:254,0
DA:255,0
DA:258,0
DA:259,0
DA:260,0
DA:261,0
DA:262,0
DA:269,0
DA:276,0
DA:280,0
LF:170
LH:0
BRDA:35,0,0,0
BRDA:35,0,1,0
BRDA:39,1,0,0
BRDA:39,1,1,0
BRDA:41,2,0,0
BRDA:41,2,1,0
BRDA:69,3,0,0
BRDA:69,3,1,0
BRDA:73,4,0,0
BRDA:73,4,1,0
BRDA:77,5,0,0
BRDA:77,5,1,0
BRDA:113,6,0,0
BRDA:113,6,1,0
BRDA:113,7,0,0
BRDA:113,7,1,0
BRDA:114,8,0,0
BRDA:114,8,1,0
BRDA:115,9,0,0
BRDA:115,9,1,0
BRDA:148,10,0,0
BRDA:148,10,1,0
BRDA:154,11,0,0
BRDA:154,11,1,0
BRDA:156,12,0,0
BRDA:156,12,1,0
BRDA:176,13,0,0
BRDA:176,13,1,0
BRDA:183,14,0,0
BRDA:183,14,1,0
BRDA:203,15,0,0
BRDA:203,15,1,0
BRDA:210,16,0,0
BRDA:210,16,1,0
BRDA:231,17,0,0
BRDA:231,17,1,0
BRDA:231,18,0,0
BRDA:231,18,1,0
BRDA:241,19,0,0
BRDA:241,19,1,0
BRDA:246,20,0,0
BRDA:246,20,1,0
BRF:42
BRH:0
end_of_record
TN:
SF:src/js/ui/Menus.js
FN:7,(anonymous_0)
FN:28,(anonymous_1)
FN:38,(anonymous_2)
FN:49,(anonymous_3)
FN:90,(anonymous_4)
FN:106,(anonymous_5)
FN:115,(anonymous_6)
FN:166,(anonymous_7)
FN:187,(anonymous_8)
FN:204,(anonymous_9)
FN:216,(anonymous_10)
FN:251,(anonymous_11)
FN:269,(anonymous_12)
FNF:13
FNH:0
FNDA:0,(anonymous_0)
FNDA:0,(anonymous_1)
FNDA:0,(anonymous_2)
FNDA:0,(anonymous_3)
FNDA:0,(anonymous_4)
FNDA:0,(anonymous_5)
FNDA:0,(anonymous_6)
FNDA:0,(anonymous_7)
FNDA:0,(anonymous_8)
FNDA:0,(anonymous_9)
FNDA:0,(anonymous_10)
FNDA:0,(anonymous_11)
FNDA:0,(anonymous_12)
DA:1,0
DA:2,0
DA:8,0
DA:9,0
DA:10,0
DA:11,0
DA:12,0
DA:13,0
DA:14,0
DA:15,0
DA:16,0
DA:17,0
DA:18,0
DA:19,0
DA:20,0
DA:21,0
DA:22,0
DA:29,0
DA:31,0
DA:39,0
DA:41,0
DA:52,0
DA:53,0
DA:55,0
DA:57,0
DA:58,0
DA:59,0
DA:61,0
DA:62,0
DA:64,0
DA:67,0
DA:68,0
DA:69,0
DA:70,0
DA:71,0
DA:72,0
DA:73,0
DA:75,0
DA:76,0
DA:77,0
DA:80,0
DA:81,0
DA:83,0
DA:91,0
DA:92,0
DA:93,0
DA:94,0
DA:95,0
DA:96,0
DA:97,0
DA:99,0
DA:107,0
DA:108,0
DA:116,0
DA:117,0
DA:118,0
DA:119,0
DA:120,0
DA:121,0
DA:122,0
DA:123,0
DA:125,0
DA:127,0
DA:128,0
DA:129,0
DA:130,0
DA:133,0
DA:134,0
DA:136,0
DA:139,0
DA:140,0
DA:143,0
DA:144,0
DA:145,0
DA:148,0
DA:149,0
DA:151,0
DA:153,0
DA:154,0
DA:155,0
DA:158,0
DA:159,0
DA:160,0
DA:161,0
DA:164,0
DA:166,0
DA:167,0
DA:170,0
DA:173,0
DA:174,0
DA:177,0
DA:178,0
DA:179,0
DA:180,0
DA:182,0
DA:184,0
DA:185,0
DA:186,0
DA:187,0
DA:188,0
DA:190,0
DA:195,0
DA:196,0
DA:197,0
DA:199,0
DA:201,0
DA:202,0
DA:203,0
DA:204,0
DA:205,0
DA:207,0
DA:209,0
DA:210,0
DA:217,0
DA:218,0
DA:219,0
DA:220,0
DA:221,0
DA:222,0
DA:223,0
DA:224,0
DA:227,0
DA:228,0
DA:229,0
DA:230,0
DA:233,0
DA:234,0
DA:236,0
DA:238,0
DA:239,0
DA:240,0
DA:243,0
DA:244,0
DA:245,0
DA:246,0
DA:249,0
DA:251,0
DA:252,0
DA:255,0
DA:258,0
DA:259,0
DA:260,0
DA:261,0
DA:263,0
DA:266,0
DA:267,0
DA:268,0
DA:269,0
DA:270,0
DA:274,0
DA:275,0
DA:279,0
LF:152
LH:0
BRDA:29,0,0,0
BRDA:29,0,1,0
BRDA:29,1,0,0
BRDA:29,1,1,0
BRDA:39,2,0,0
BRDA:39,2,1,0
BRDA:39,3,0,0
BRDA:39,3,1,0
BRDA:52,4,0,0
BRDA:52,4,1,0
BRDA:61,5,0,0
BRDA:61,5,1,0
BRDA:70,6,0,0
BRDA:70,6,1,0
BRDA:80,7,0,0
BRDA:80,7,1,0
BRDA:93,8,0,0
BRDA:93,8,1,0
BRDA:127,9,0,0
BRDA:127,9,1,0
BRDA:127,10,0,0
BRDA:127,10,1,0
BRDA:136,11,0,0
BRDA:136,11,1,0
BRDA:136,12,0,0
BRDA:136,12,1,0
BRDA:136,12,2,0
BRDA:143,13,0,0
BRDA:143,13,1,0
BRDA:153,14,0,0
BRDA:153,14,1,0
BRDA:174,15,0,0
BRDA:174,15,1,0
BRDA:174,16,0,0
BRDA:174,16,1,0
BRDA:174,16,2,0
BRDA:178,17,0,0
BRDA:178,17,1,0
BRDA:196,18,0,0
BRDA:196,18,1,0
BRDA:227,19,0,0
BRDA:227,19,1,0
BRDA:227,20,0,0
BRDA:227,20,1,0
BRDA:238,21,0,0
BRDA:238,21,1,0
BRDA:260,22,0,0
BRDA:260,22,1,0
BRF:48
BRH:0
end_of_record
TN:
SF:src/js/ui/Overlays.js
FN:11,(anonymous_0)
FN:21,(anonymous_1)
FN:36,(anonymous_2)
FN:43,(anonymous_3)
FN:65,(anonymous_4)
FN:69,(anonymous_5)
FN:88,(anonymous_6)
FN:97,(anonymous_7)
FN:106,(anonymous_8)
FN:130,(anonymous_9)
FN:137,(anonymous_10)
FN:144,(anonymous_11)
FNF:12
FNH:0
FNDA:0,(anonymous_0)
FNDA:0,(anonymous_1)
FNDA:0,(anonymous_2)
FNDA:0,(anonymous_3)
FNDA:0,(anonymous_4)
FNDA:0,(anonymous_5)
FNDA:0,(anonymous_6)
FNDA:0,(anonymous_7)
FNDA:0,(anonymous_8)
FNDA:0,(anonymous_9)
FNDA:0,(anonymous_10)
FNDA:0,(anonymous_11)
DA:1,0
DA:2,0
DA:3,0
DA:4,0
DA:12,0
DA:13,0
DA:14,0
DA:15,0
DA:16,0
DA:17,0
DA:18,0
DA:22,0
DA:23,0
DA:24,0
DA:25,0
DA:27,0
DA:28,0
DA:29,0
DA:30,0
DA:31,0
DA:33,0
DA:37,0
DA:38,0
DA:39,0
DA:40,0
DA:44,0
DA:45,0
DA:47,0
DA:49,0
DA:50,0
DA:51,0
DA:52,0
DA:54,0
DA:55,0
DA:57,0
DA:58,0
DA:59,0
DA:66,0
DA:67,0
DA:68,0
DA:69,0
DA:72,0
DA:73,0
DA:75,0
DA:76,0
DA:77,0
DA:82,0
DA:83,0
DA:88,0
DA:89,0
DA:90,0
DA:91,0
DA:92,0
DA:93,0
DA:95,0
DA:96,0
DA:97,0
DA:98,0
DA:107,0
DA:108,0
DA:109,0
DA:110,0
DA:111,0
DA:113,0
DA:114,0
DA:115,0
DA:116,0
DA:117,0
DA:118,0
DA:119,0
DA:120,0
DA:121,0
DA:123,0
DA:131,0
DA:138,0
DA:145,0
DA:148,0
LF:77
LH:0
BRDA:23,0,0,0
BRDA:23,0,1,0
BRDA:23,1,0,0
BRDA:23,1,1,0
BRDA:110,2,0,0
BRDA:110,2,1,0
BRDA:116,3,0,0
BRDA:116,3,1,0
BRDA:118,4,0,0
BRDA:118,4,1,0
BRF:10
BRH:0
end_of_record
TN:
SF:src/js/ui/PlayerUi.js
FN:15,(anonymous_0)
FN:84,(anonymous_1)
FN:176,(anonymous_2)
FN:184,(anonymous_3)
FN:188,(anonymous_4)
FN:192,(anonymous_5)
FN:222,(anonymous_6)
FN:240,(anonymous_7)
FN:256,(anonymous_8)
FN:266,(anonymous_9)
FN:273,(anonymous_10)
FN:294,(anonymous_11)
FN:314,(anonymous_12)
FN:337,(anonymous_13)
FN:352,(anonymous_14)
FN:357,(anonymous_15)
FN:361,(anonymous_16)
FN:397,(anonymous_17)
FN:419,(anonymous_18)
FN:425,(anonymous_19)
FN:450,(anonymous_20)
FN:459,(anonymous_21)
FN:467,(anonymous_22)
FN:471,(anonymous_23)
FN:481,(anonymous_24)
FN:485,(anonymous_25)
FN:495,(anonymous_26)
FN:499,(anonymous_27)
FN:508,(anonymous_28)
FN:520,(anonymous_29)
FN:524,(anonymous_30)
FN:528,(anonymous_31)
FN:532,(anonymous_32)
FN:536,(anonymous_33)
FN:543,(anonymous_34)
FN:547,(anonymous_35)
FN:556,(anonymous_36)
FN:561,(anonymous_37)
FN:577,(anonymous_38)
FN:578,(anonymous_39)
FN:579,(anonymous_40)
FN:580,(anonymous_41)
FN:581,(anonymous_42)
FN:582,(anonymous_43)
FN:583,(anonymous_44)
FN:584,(anonymous_45)
FN:585,(anonymous_46)
FN:586,(anonymous_47)
FN:587,(anonymous_48)
FN:588,(anonymous_49)
FN:589,(anonymous_50)
FN:594,(anonymous_51)
FN:595,(anonymous_52)
FN:596,(anonymous_53)
FN:597,(anonymous_54)
FN:614,(anonymous_55)
FN:621,(anonymous_56)
FN:628,(anonymous_57)
FN:632,(anonymous_58)
FN:638,(anonymous_59)
FN:642,(anonymous_60)
FN:646,(anonymous_61)
FN:651,(anonymous_62)
FNF:63
FNH:0
FNDA:0,(anonymous_0)
FNDA:0,(anonymous_1)
FNDA:0,(anonymous_2)
FNDA:0,(anonymous_3)
FNDA:0,(anonymous_4)
FNDA:0,(anonymous_5)
FNDA:0,(anonymous_6)
FNDA:0,(anonymous_7)
FNDA:0,(anonymous_8)
FNDA:0,(anonymous_9)
FNDA:0,(anonymous_10)
FNDA:0,(anonymous_11)
FNDA:0,(anonymous_12)
FNDA:0,(anonymous_13)
FNDA:0,(anonymous_14)
FNDA:0,(anonymous_15)
FNDA:0,(anonymous_16)
FNDA:0,(anonymous_17)
FNDA:0,(anonymous_18)
FNDA:0,(anonymous_19)
FNDA:0,(anonymous_20)
FNDA:0,(anonymous_21)
FNDA:0,(anonymous_22)
FNDA:0,(anonymous_23)
FNDA:0,(anonymous_24)
FNDA:0,(anonymous_25)
FNDA:0,(anonymous_26)
FNDA:0,(anonymous_27)
FNDA:0,(anonymous_28)
FNDA:0,(anonymous_29)
FNDA:0,(anonymous_30)
FNDA:0,(anonymous_31)
FNDA:0,(anonymous_32)
FNDA:0,(anonymous_33)
FNDA:0,(anonymous_34)
FNDA:0,(anonymous_35)
FNDA:0,(anonymous_36)
FNDA:0,(anonymous_37)
FNDA:0,(anonymous_38)
FNDA:0,(anonymous_39)
FNDA:0,(anonymous_40)
FNDA:0,(anonymous_41)
FNDA:0,(anonymous_42)
FNDA:0,(anonymous_43)
FNDA:0,(anonymous_44)
FNDA:0,(anonymous_45)
FNDA:0,(anonymous_46)
FNDA:0,(anonymous_47)
FNDA:0,(anonymous_48)
FNDA:0,(anonymous_49)
FNDA:0,(anonymous_50)
FNDA:0,(anonymous_51)
FNDA:0,(anonymous_52)
FNDA:0,(anonymous_53)
FNDA:0,(anonymous_54)
FNDA:0,(anonymous_55)
FNDA:0,(anonymous_56)
FNDA:0,(anonymous_57)
FNDA:0,(anonymous_58)
FNDA:0,(anonymous_59)
FNDA:0,(anonymous_60)
FNDA:0,(anonymous_61)
FNDA:0,(anonymous_62)
DA:1,0
DA:2,0
DA:3,0
DA:4,0
DA:5,0
DA:6,0
DA:16,0
DA:17,0
DA:18,0
DA:19,0
DA:20,0
DA:21,0
DA:22,0
DA:23,0
DA:24,0
DA:25,0
DA:26,0
DA:27,0
DA:28,0
DA:29,0
DA:30,0
DA:31,0
DA:32,0
DA:33,0
DA:34,0
DA:35,0
DA:36,0
DA:37,0
DA:38,0
DA:39,0
DA:40,0
DA:41,0
DA:42,0
DA:43,0
DA:44,0
DA:45,0
DA:46,0
DA:47,0
DA:48,0
DA:49,0
DA:50,0
DA:51,0
DA:52,0
DA:53,0
DA:54,0
DA:55,0
DA:56,0
DA:57,0
DA:58,0
DA:59,0
DA:60,0
DA:61,0
DA:62,0
DA:63,0
DA:64,0
DA:65,0
DA:66,0
DA:67,0
DA:68,0
DA:69,0
DA:70,0
DA:71,0
DA:72,0
DA:73,0
DA:74,0
DA:75,0
DA:76,0
DA:77,0
DA:78,0
DA:79,0
DA:80,0
DA:81,0
DA:85,0
DA:121,0
DA:122,0
DA:123,0
DA:124,0
DA:126,0
DA:127,0
DA:128,0
DA:129,0
DA:130,0
DA:131,0
DA:132,0
DA:133,0
DA:134,0
DA:135,0
DA:137,0
DA:138,0
DA:139,0
DA:141,0
DA:142,0
DA:143,0
DA:144,0
DA:145,0
DA:146,0
DA:148,0
DA:149,0
DA:151,0
DA:152,0
DA:154,0
DA:156,0
DA:157,0
DA:158,0
DA:160,0
DA:164,0
DA:165,0
DA:168,0
DA:169,0
DA:177,0
DA:178,0
DA:180,0
DA:185,0
DA:189,0
DA:193,0
DA:195,0
DA:197,0
DA:198,0
DA:199,0
DA:200,0
DA:201,0
DA:202,0
DA:204,0
DA:206,0
DA:207,0
DA:208,0
DA:209,0
DA:211,0
DA:212,0
DA:214,0
DA:216,0
DA:217,0
DA:218,0
DA:223,0
DA:226,0
DA:228,0
DA:229,0
DA:231,0
DA:232,0
DA:234,0
DA:235,0
DA:236,0
DA:241,0
DA:244,0
DA:246,0
DA:247,0
DA:249,0
DA:250,0
DA:252,0
DA:257,0
DA:260,0
DA:261,0
DA:263,0
DA:264,0
DA:266,0
DA:267,0
DA:274,0
DA:275,0
DA:276,0
DA:277,0
DA:278,0
DA:280,0
DA:282,0
DA:283,0
DA:284,0
DA:285,0
DA:287,0
DA:295,0
DA:296,0
DA:297,0
DA:298,0
DA:299,0
DA:300,0
DA:301,0
DA:302,0
DA:303,0
DA:304,0
DA:306,0
DA:307,0
DA:308,0
DA:310,0
DA:311,0
DA:315,0
DA:316,0
DA:317,0
DA:318,0
DA:319,0
DA:320,0
DA:321,0
DA:322,0
DA:323,0
DA:324,0
DA:325,0
DA:327,0
DA:328,0
DA:329,0
DA:330,0
DA:339,0
DA:340,0
DA:341,0
DA:342,0
DA:343,0
DA:344,0
DA:346,0
DA:353,0
DA:358,0
DA:363,0
DA:366,0
DA:367,0
DA:368,0
DA:369,0
DA:370,0
DA:371,0
DA:372,0
DA:374,0
DA:375,0
DA:380,0
DA:381,0
DA:382,0
DA:391,0
DA:392,0
DA:393,0
DA:398,0
DA:399,0
DA:400,0
DA:402,0
DA:403,0
DA:404,0
DA:406,0
DA:407,0
DA:408,0
DA:410,0
DA:411,0
DA:412,0
DA:421,0
DA:422,0
DA:426,0
DA:427,0
DA:429,0
DA:430,0
DA:432,0
DA:433,0
DA:434,0
DA:435,0
DA:436,0
DA:437,0
DA:438,0
DA:439,0
DA:441,0
DA:442,0
DA:443,0
DA:446,0
DA:447,0
DA:451,0
DA:452,0
DA:453,0
DA:454,0
DA:455,0
DA:460,0
DA:461,0
DA:462,0
DA:468,0
DA:469,0
DA:470,0
DA:471,0
DA:472,0
DA:475,0
DA:476,0
DA:482,0
DA:483,0
DA:484,0
DA:485,0
DA:486,0
DA:489,0
DA:490,0
DA:496,0
DA:497,0
DA:498,0
DA:499,0
DA:500,0
DA:503,0
DA:504,0
DA:509,0
DA:510,0
DA:511,0
DA:512,0
DA:513,0
DA:515,0
DA:516,0
DA:521,0
DA:525,0
DA:529,0
DA:533,0
DA:537,0
DA:538,0
DA:540,0
DA:544,0
DA:548,0
DA:550,0
DA:551,0
DA:552,0
DA:553,0
DA:557,0
DA:558,0
DA:562,0
DA:563,0
DA:564,0
DA:565,0
DA:568,0
DA:577,0
DA:578,0
DA:579,0
DA:580,0
DA:581,0
DA:582,0
DA:583,0
DA:584,0
DA:585,0
DA:586,0
DA:587,0
DA:588,0
DA:589,0
DA:594,0
DA:595,0
DA:596,0
DA:597,0
DA:600,0
DA:601,0
DA:602,0
DA:604,0
DA:605,0
DA:606,0
DA:607,0
DA:608,0
DA:611,0
DA:615,0
DA:616,0
DA:617,0
DA:618,0
DA:622,0
DA:623,0
DA:624,0
DA:625,0
DA:629,0
DA:633,0
DA:634,0
DA:639,0
DA:643,0
DA:647,0
DA:648,0
DA:652,0
DA:653,0
DA:654,0
DA:656,0
DA:657,0
DA:660,0
DA:661,0
DA:662,0
DA:664,0
DA:665,0
DA:666,0
DA:667,0
DA:668,0
DA:669,0
DA:670,0
DA:671,0
DA:678,0
DA:679,0
DA:680,0
DA:681,0
DA:683,0
DA:687,0
LF:372
LH:0
BRDA:123,0,0,0
BRDA:123,0,1,0
BRDA:134,1,0,0
BRDA:134,1,1,0
BRDA:164,2,0,0
BRDA:164,2,1,0
BRDA:168,3,0,0
BRDA:168,3,1,0
BRDA:177,4,0,0
BRDA:177,4,1,0
BRDA:177,5,0,0
BRDA:177,5,1,0
BRDA:193,6,0,0
BRDA:193,6,1,0
BRDA:200,7,0,0
BRDA:200,7,1,0
BRDA:200,8,0,0
BRDA:200,8,1,0
BRDA:223,9,0,0
BRDA:223,9,1,0
BRDA:223,10,0,0
BRDA:223,10,1,0
BRDA:223,10,2,0
BRDA:241,11,0,0
BRDA:241,11,1,0
BRDA:241,12,0,0
BRDA:241,12,1,0
BRDA:241,12,2,0
BRDA:257,13,0,0
BRDA:257,13,1,0
BRDA:257,14,0,0
BRDA:257,14,1,0
BRDA:257,14,2,0
BRDA:260,15,0,0
BRDA:260,15,1,0
BRDA:263,16,0,0
BRDA:263,16,1,0
BRDA:277,17,0,0
BRDA:277,17,1,0
BRDA:284,18,0,0
BRDA:284,18,1,0
BRDA:297,19,0,0
BRDA:297,19,1,0
BRDA:301,20,0,0
BRDA:301,20,1,0
BRDA:316,21,0,0
BRDA:316,21,1,0
BRDA:321,22,0,0
BRDA:321,22,1,0
BRDA:353,23,0,0
BRDA:353,23,1,0
BRDA:353,23,2,0
BRDA:353,23,3,0
BRDA:363,24,0,0
BRDA:363,24,1,0
BRDA:366,25,0,0
BRDA:366,25,1,0
BRDA:367,26,0,0
BRDA:367,26,1,0
BRDA:368,27,0,0
BRDA:368,27,1,0
BRDA:369,28,0,0
BRDA:369,28,1,0
BRDA:380,29,0,0
BRDA:380,29,1,0
BRDA:381,30,0,0
BRDA:381,30,1,0
BRDA:382,31,0,0
BRDA:382,31,1,0
BRDA:392,32,0,0
BRDA:392,32,1,0
BRDA:398,33,0,0
BRDA:398,33,1,0
BRDA:399,34,0,0
BRDA:399,34,1,0
BRDA:400,35,0,0
BRDA:400,35,1,0
BRDA:402,36,0,0
BRDA:402,36,1,0
BRDA:406,37,0,0
BRDA:406,37,1,0
BRDA:410,38,0,0
BRDA:410,38,1,0
BRDA:426,39,0,0
BRDA:426,39,1,0
BRDA:432,40,0,0
BRDA:432,40,1,0
BRDA:436,41,0,0
BRDA:436,41,1,0
BRDA:452,42,0,0
BRDA:452,42,1,0
BRDA:460,43,0,0
BRDA:460,43,1,0
BRDA:468,44,0,0
BRDA:468,44,1,0
BRDA:468,45,0,0
BRDA:468,45,1,0
BRDA:468,45,2,0
BRDA:482,46,0,0
BRDA:482,46,1,0
BRDA:482,47,0,0
BRDA:482,47,1,0
BRDA:482,47,2,0
BRDA:496,48,0,0
BRDA:496,48,1,0
BRDA:496,49,0,0
BRDA:496,49,1,0
BRDA:496,49,2,0
BRDA:511,50,0,0
BRDA:511,50,1,0
BRDA:537,51,0,0
BRDA:537,51,1,0
BRDA:564,52,0,0
BRDA:564,52,1,0
BRDA:633,53,0,0
BRDA:633,53,1,0
BRDA:652,54,0,0
BRDA:652,54,1,0
BRF:118
BRH:0
end_of_record
TN:
SF:src/js/ui/Thumbs.js
FN:15,(anonymous_0)
FN:26,(anonymous_1)
FN:31,(anonymous_2)
FN:36,(anonymous_3)
FN:80,(anonymous_4)
FN:87,(anonymous_5)
FN:94,(anonymous_6)
FN:95,(anonymous_7)
FN:96,(anonymous_8)
FNF:9
FNH:0
FNDA:0,(anonymous_0)
FNDA:0,(anonymous_1)
FNDA:0,(anonymous_2)
FNDA:0,(anonymous_3)
FNDA:0,(anonymous_4)
FNDA:0,(anonymous_5)
FNDA:0,(anonymous_6)
FNDA:0,(anonymous_7)
FNDA:0,(anonymous_8)
DA:1,0
DA:2,0
DA:3,0
DA:16,0
DA:17,0
DA:18,0
DA:19,0
DA:20,0
DA:21,0
DA:22,0
DA:23,0
DA:27,0
DA:28,0
DA:32,0
DA:33,0
DA:37,0
DA:40,0
DA:41,0
DA:42,0
DA:43,0
DA:45,0
DA:46,0
DA:48,0
DA:50,0
DA:51,0
DA:53,0
DA:54,0
DA:57,0
DA:58,0
DA:59,0
DA:63,0
DA:64,0
DA:68,0
DA:70,0
DA:71,0
DA:72,0
DA:73,0
DA:74,0
DA:75,0
DA:77,0
DA:81,0
DA:82,0
DA:83,0
DA:84,0
DA:88,0
DA:89,0
DA:90,0
DA:91,0
DA:92,0
DA:93,0
DA:94,0
DA:95,0
DA:96,0
DA:97,0
DA:99,0
DA:103,0
LF:56
LH:0
BRDA:43,0,0,0
BRDA:43,0,1,0
BRDA:43,1,0,0
BRDA:43,1,1,0
BRDA:51,2,0,0
BRDA:51,2,1,0
BRDA:58,3,0,0
BRDA:58,3,1,0
BRDA:58,4,0,0
BRDA:58,4,1,0
BRDA:93,5,0,0
BRDA:93,5,1,0
BRDA:93,6,0,0
BRDA:93,6,1,0
BRF:14
BRH:0
end_of_record
TN:
SF:src/js/ui/fjplayer-tmpl.js
FN:9,(anonymous_0)
FN:88,(anonymous_1)
FN:99,(anonymous_2)
FN:128,(anonymous_3)
FN:135,(anonymous_4)
FN:164,(anonymous_5)
FNF:6
FNH:0
FNDA:0,(anonymous_0)
FNDA:0,(anonymous_1)
FNDA:0,(anonymous_2)
FNDA:0,(anonymous_3)
FNDA:0,(anonymous_4)
FNDA:0,(anonymous_5)
DA:1,0
DA:10,0
DA:11,0
DA:12,0
DA:13,0
DA:14,0
DA:15,0
DA:16,0
DA:89,0
DA:90,0
DA:91,0
DA:92,0
DA:100,0
DA:101,0
DA:102,0
DA:103,0
DA:106,0
DA:107,0
DA:108,0
DA:109,0
DA:110,0
DA:112,0
DA:113,0
DA:114,0
DA:117,0
DA:118,0
DA:120,0
DA:129,0
DA:130,0
DA:131,0
DA:132,0
DA:134,0
DA:135,0
DA:136,0
DA:137,0
DA:138,0
DA:139,0
DA:141,0
DA:142,0
DA:143,0
DA:145,0
DA:146,0
DA:148,0
DA:151,0
DA:153,0
DA:156,0
DA:157,0
DA:165,0
DA:166,0
DA:169,0
LF:50
LH:0
BRDA:108,0,0,0
BRDA:108,0,1,0
BRDA:117,1,0,0
BRDA:117,1,1,0
BRDA:136,2,0,0
BRDA:136,2,1,0
BRDA:138,3,0,0
BRDA:138,3,1,0
BRDA:141,4,0,0
BRDA:141,4,1,0
BRDA:145,5,0,0
BRDA:145,5,1,0
BRF:12
BRH:0
end_of_record
TN:
SF:src/js/utils/Eventing.js
FN:7,(anonymous_0)
FN:14,(anonymous_1)
FN:25,(anonymous_2)
FN:41,(anonymous_3)
FNF:4
FNH:0
FNDA:0,(anonymous_0)
FNDA:0,(anonymous_1)
FNDA:0,(anonymous_2)
FNDA:0,(anonymous_3)
DA:8,0
DA:15,0
DA:16,0
DA:18,0
DA:26,0
DA:29,0
DA:30,0
DA:32,0
DA:33,0
DA:34,0
DA:43,0
DA:44,0
DA:50,0
DA:51,0
DA:52,0
DA:53,0
DA:57,0
LF:17
LH:0
BRDA:15,0,0,0
BRDA:15,0,1,0
BRDA:29,1,0,0
BRDA:29,1,1,0
BRDA:33,2,0,0
BRDA:33,2,1,0
BRDA:43,3,0,0
BRDA:43,3,1,0
BRF:8
BRH:0
end_of_record
TN:
SF:src/js/utils/FjError.js
FN:10,(anonymous_0)
FN:22,(anonymous_1)
FN:44,(anonymous_2)
FN:63,(anonymous_3)
FNF:4
FNH:0
FNDA:0,(anonymous_0)
FNDA:0,(anonymous_1)
FNDA:0,(anonymous_2)
FNDA:0,(anonymous_3)
DA:1,0
DA:2,0
DA:11,0
DA:12,0
DA:13,0
DA:14,0
DA:15,0
DA:16,0
DA:17,0
DA:19,0
DA:23,0
DA:24,0
DA:26,0
DA:28,0
DA:29,0
DA:30,0
DA:31,0
DA:33,0
DA:34,0
DA:36,0
DA:37,0
DA:38,0
DA:46,0
DA:47,0
DA:48,0
DA:50,0
DA:51,0
DA:52,0
DA:57,0
DA:58,0
DA:63,0
DA:64,0
DA:65,0
DA:66,0
DA:67,0
DA:70,0
LF:36
LH:0
BRF:0
BRH:0
end_of_record
TN:
SF:src/js/utils/Logger.js
FN:6,(anonymous_0)
FN:9,(anonymous_1)
FN:20,(anonymous_2)
FN:22,(anonymous_3)
FNF:4
FNH:4
FNDA:2,(anonymous_0)
FNDA:52,(anonymous_1)
FNDA:5,(anonymous_2)
FNDA:130,(anonymous_3)
DA:7,2
DA:8,2
DA:9,2
DA:10,52
DA:11,42
DA:17,2
DA:21,5
DA:22,5
DA:23,130
DA:24,105
DA:30,5
DA:34,2
LF:12
LH:12
BRDA:10,0,0,42
BRDA:10,0,1,10
BRDA:23,1,0,105
BRDA:23,1,1,25
BRF:4
BRH:4
end_of_record
TN:
SF:src/js/utils/Utils.js
FN:4,(anonymous_0)
FNF:1
FNH:1
FNDA:4,(anonymous_0)
DA:1,1
DA:5,4
DA:6,4
DA:7,4
DA:8,4
DA:9,4
DA:11,4
DA:12,4
DA:14,4
DA:15,4
DA:17,4
DA:18,2
DA:20,2
DA:21,2
DA:23,2
DA:27,1
LF:16
LH:16
BRDA:11,0,0,4
BRDA:11,0,1,0
BRDA:14,1,0,4
BRDA:14,1,1,0
BRDA:17,2,0,2
BRDA:17,2,1,2
BRDA:20,3,0,2
BRDA:20,3,1,0
BRF:8
BRH:5
end_of_record
